{"/Users/dkMagOdr/Code/primer/apps/backend/jest.config.js": {"path":"/Users/dkMagOdr/Code/primer/apps/backend/jest.config.js","statementMap":{"0":{"start":{"line":2,"column":0},"end":{"line":57,"column":2}}},"fnMap":{},"branchMap":{},"s":{"0":0},"f":{},"b":{}}
,"/Users/dkMagOdr/Code/primer/apps/backend/.strapi/client/app.js": {"path":"/Users/dkMagOdr/Code/primer/apps/backend/.strapi/client/app.js","statementMap":{"0":{"start":{"line":10,"column":0},"end":{"line":16,"column":3}}},"fnMap":{},"branchMap":{},"s":{"0":0},"f":{},"b":{}}
,"/Users/dkMagOdr/Code/primer/apps/backend/config/admin.js": {"path":"/Users/dkMagOdr/Code/primer/apps/backend/config/admin.js","statementMap":{"0":{"start":{"line":1,"column":0},"end":{"line":13,"column":3}},"1":{"start":{"line":1,"column":31},"end":{"line":13,"column":1}}},"fnMap":{"0":{"name":"(anonymous_0)","decl":{"start":{"line":1,"column":17},"end":{"line":1,"column":18}},"loc":{"start":{"line":1,"column":31},"end":{"line":13,"column":1}},"line":1}},"branchMap":{},"s":{"0":1,"1":1},"f":{"0":1},"b":{},"_coverageSchema":"1a1c01bbd47fc00a2c39e90264f33305004495a9","hash":"9516cb2d0f1c54e5571130b9c201e33ac21ac298"}
,"/Users/dkMagOdr/Code/primer/apps/backend/config/api.js": {"path":"/Users/dkMagOdr/Code/primer/apps/backend/config/api.js","statementMap":{"0":{"start":{"line":1,"column":0},"end":{"line":7,"column":2}}},"fnMap":{},"branchMap":{},"s":{"0":1},"f":{},"b":{},"_coverageSchema":"1a1c01bbd47fc00a2c39e90264f33305004495a9","hash":"770e321bc0e0319d589eadc7446a1c0fac791063"}
,"/Users/dkMagOdr/Code/primer/apps/backend/config/database.js": {"path":"/Users/dkMagOdr/Code/primer/apps/backend/config/database.js","statementMap":{"0":{"start":{"line":1,"column":13},"end":{"line":1,"column":28}},"1":{"start":{"line":3,"column":0},"end":{"line":11,"column":3}},"2":{"start":{"line":3,"column":31},"end":{"line":11,"column":1}}},"fnMap":{"0":{"name":"(anonymous_0)","decl":{"start":{"line":3,"column":17},"end":{"line":3,"column":18}},"loc":{"start":{"line":3,"column":31},"end":{"line":11,"column":1}},"line":3}},"branchMap":{},"s":{"0":1,"1":1,"2":1},"f":{"0":1},"b":{},"_coverageSchema":"1a1c01bbd47fc00a2c39e90264f33305004495a9","hash":"c87779600f7b8ddf070318872f230a5905e9b6d1"}
,"/Users/dkMagOdr/Code/primer/apps/backend/config/middlewares.js": {"path":"/Users/dkMagOdr/Code/primer/apps/backend/config/middlewares.js","statementMap":{"0":{"start":{"line":1,"column":0},"end":{"line":12,"column":2}}},"fnMap":{},"branchMap":{},"s":{"0":1},"f":{},"b":{},"_coverageSchema":"1a1c01bbd47fc00a2c39e90264f33305004495a9","hash":"20398d97acd76f468ed03a1c8d724f593117fb0b"}
,"/Users/dkMagOdr/Code/primer/apps/backend/config/plugins.js": {"path":"/Users/dkMagOdr/Code/primer/apps/backend/config/plugins.js","statementMap":{"0":{"start":{"line":1,"column":0},"end":{"line":36,"column":3}},"1":{"start":{"line":1,"column":31},"end":{"line":36,"column":1}}},"fnMap":{"0":{"name":"(anonymous_0)","decl":{"start":{"line":1,"column":17},"end":{"line":1,"column":18}},"loc":{"start":{"line":1,"column":31},"end":{"line":36,"column":1}},"line":1}},"branchMap":{},"s":{"0":1,"1":3},"f":{"0":3},"b":{},"_coverageSchema":"1a1c01bbd47fc00a2c39e90264f33305004495a9","hash":"c3e640fe8a42e5cd4007f60d3308bb15af44330b"}
,"/Users/dkMagOdr/Code/primer/apps/backend/config/server.js": {"path":"/Users/dkMagOdr/Code/primer/apps/backend/config/server.js","statementMap":{"0":{"start":{"line":1,"column":0},"end":{"line":8,"column":3}},"1":{"start":{"line":1,"column":31},"end":{"line":8,"column":1}}},"fnMap":{"0":{"name":"(anonymous_0)","decl":{"start":{"line":1,"column":17},"end":{"line":1,"column":18}},"loc":{"start":{"line":1,"column":31},"end":{"line":8,"column":1}},"line":1}},"branchMap":{},"s":{"0":1,"1":1},"f":{"0":1},"b":{},"_coverageSchema":"1a1c01bbd47fc00a2c39e90264f33305004495a9","hash":"ed858d719b87568607795e127a8ad99c252357da"}
,"/Users/dkMagOdr/Code/primer/apps/backend/config/env/test/database.js": {"path":"/Users/dkMagOdr/Code/primer/apps/backend/config/env/test/database.js","statementMap":{"0":{"start":{"line":1,"column":0},"end":{"line":10,"column":3}},"1":{"start":{"line":1,"column":31},"end":{"line":10,"column":1}}},"fnMap":{"0":{"name":"(anonymous_0)","decl":{"start":{"line":1,"column":17},"end":{"line":1,"column":18}},"loc":{"start":{"line":1,"column":31},"end":{"line":10,"column":1}},"line":1}},"branchMap":{},"s":{"0":1,"1":1},"f":{"0":1},"b":{},"_coverageSchema":"1a1c01bbd47fc00a2c39e90264f33305004495a9","hash":"b46e4f88e2c291d0ad194c468f95ea32b6489846"}
,"/Users/dkMagOdr/Code/primer/apps/backend/src/admin/app.example.js": {"path":"/Users/dkMagOdr/Code/primer/apps/backend/src/admin/app.example.js","statementMap":{"0":{"start":{"line":1,"column":15},"end":{"line":30,"column":1}},"1":{"start":{"line":32,"column":18},"end":{"line":34,"column":1}},"2":{"start":{"line":33,"column":2},"end":{"line":33,"column":19}}},"fnMap":{"0":{"name":"(anonymous_0)","decl":{"start":{"line":32,"column":18},"end":{"line":32,"column":19}},"loc":{"start":{"line":32,"column":27},"end":{"line":34,"column":1}},"line":32}},"branchMap":{},"s":{"0":0,"1":0,"2":0},"f":{"0":0},"b":{}}
,"/Users/dkMagOdr/Code/primer/apps/backend/src/admin/webpack.config.example.js": {"path":"/Users/dkMagOdr/Code/primer/apps/backend/src/admin/webpack.config.example.js","statementMap":{"0":{"start":{"line":4,"column":0},"end":{"line":9,"column":2}},"1":{"start":{"line":8,"column":2},"end":{"line":8,"column":16}}},"fnMap":{"0":{"name":"(anonymous_0)","decl":{"start":{"line":4,"column":17},"end":{"line":4,"column":18}},"loc":{"start":{"line":4,"column":29},"end":{"line":9,"column":1}},"line":4}},"branchMap":{},"s":{"0":0,"1":0},"f":{"0":0},"b":{}}
,"/Users/dkMagOdr/Code/primer/apps/backend/src/api/article/controllers/article.js": {"path":"/Users/dkMagOdr/Code/primer/apps/backend/src/api/article/controllers/article.js","statementMap":{"0":{"start":{"line":7,"column":33},"end":{"line":7,"column":68}},"1":{"start":{"line":9,"column":0},"end":{"line":9,"column":62}}},"fnMap":{},"branchMap":{},"s":{"0":1,"1":1},"f":{},"b":{},"_coverageSchema":"1a1c01bbd47fc00a2c39e90264f33305004495a9","hash":"c79d36de3f286cbe5f2b2f984039629dd75634f6"}
,"/Users/dkMagOdr/Code/primer/apps/backend/src/api/article/routes/article.js": {"path":"/Users/dkMagOdr/Code/primer/apps/backend/src/api/article/routes/article.js","statementMap":{"0":{"start":{"line":7,"column":29},"end":{"line":7,"column":64}},"1":{"start":{"line":9,"column":0},"end":{"line":9,"column":58}}},"fnMap":{},"branchMap":{},"s":{"0":1,"1":1},"f":{},"b":{},"_coverageSchema":"1a1c01bbd47fc00a2c39e90264f33305004495a9","hash":"781d4e9f4b6ebca4a009a423ac07f8245e742c81"}
,"/Users/dkMagOdr/Code/primer/apps/backend/src/api/article/services/article.js": {"path":"/Users/dkMagOdr/Code/primer/apps/backend/src/api/article/services/article.js","statementMap":{"0":{"start":{"line":7,"column":30},"end":{"line":7,"column":65}},"1":{"start":{"line":9,"column":0},"end":{"line":9,"column":59}}},"fnMap":{},"branchMap":{},"s":{"0":1,"1":1},"f":{},"b":{},"_coverageSchema":"1a1c01bbd47fc00a2c39e90264f33305004495a9","hash":"bd5ad260a0451a47f546eeb86198c115628f0934"}
,"/Users/dkMagOdr/Code/primer/apps/backend/src/api/category/content-types/category/lifecycles.js": {"path":"/Users/dkMagOdr/Code/primer/apps/backend/src/api/category/content-types/category/lifecycles.js","statementMap":{"0":{"start":{"line":3,"column":0},"end":{"line":18,"column":2}},"1":{"start":{"line":6,"column":23},"end":{"line":6,"column":28}},"2":{"start":{"line":8,"column":4},"end":{"line":8,"column":40}},"3":{"start":{"line":13,"column":23},"end":{"line":13,"column":28}},"4":{"start":{"line":16,"column":4},"end":{"line":16,"column":40}},"5":{"start":{"line":21,"column":2},"end":{"line":48,"column":3}},"6":{"start":{"line":23,"column":25},"end":{"line":27,"column":5}},"7":{"start":{"line":28,"column":17},"end":{"line":28,"column":37}},"8":{"start":{"line":29,"column":4},"end":{"line":29,"column":24}},"9":{"start":{"line":29,"column":17},"end":{"line":29,"column":24}},"10":{"start":{"line":30,"column":4},"end":{"line":34,"column":6}},"11":{"start":{"line":35,"column":27},"end":{"line":42,"column":5}},"12":{"start":{"line":36,"column":23},"end":{"line":36,"column":58}},"13":{"start":{"line":36,"column":49},"end":{"line":36,"column":57}},"14":{"start":{"line":37,"column":6},"end":{"line":41,"column":7}},"15":{"start":{"line":37,"column":37},"end":{"line":37,"column":61}},"16":{"start":{"line":38,"column":8},"end":{"line":38,"column":24}},"17":{"start":{"line":40,"column":8},"end":{"line":40,"column":40}},"18":{"start":{"line":43,"column":4},"end":{"line":47,"column":7}}},"fnMap":{"0":{"name":"(anonymous_0)","decl":{"start":{"line":5,"column":2},"end":{"line":5,"column":3}},"loc":{"start":{"line":5,"column":27},"end":{"line":9,"column":3}},"line":5},"1":{"name":"(anonymous_1)","decl":{"start":{"line":12,"column":2},"end":{"line":12,"column":3}},"loc":{"start":{"line":12,"column":27},"end":{"line":17,"column":3}},"line":12},"2":{"name":"updateParentWithChild","decl":{"start":{"line":20,"column":15},"end":{"line":20,"column":36}},"loc":{"start":{"line":20,"column":47},"end":{"line":49,"column":1}},"line":20},"3":{"name":"(anonymous_3)","decl":{"start":{"line":35,"column":27},"end":{"line":35,"column":28}},"loc":{"start":{"line":35,"column":45},"end":{"line":42,"column":5}},"line":35},"4":{"name":"(anonymous_4)","decl":{"start":{"line":36,"column":38},"end":{"line":36,"column":39}},"loc":{"start":{"line":36,"column":49},"end":{"line":36,"column":57}},"line":36},"5":{"name":"(anonymous_5)","decl":{"start":{"line":37,"column":26},"end":{"line":37,"column":27}},"loc":{"start":{"line":37,"column":37},"end":{"line":37,"column":61}},"line":37}},"branchMap":{"0":{"loc":{"start":{"line":21,"column":2},"end":{"line":48,"column":3}},"type":"if","locations":[{"start":{"line":21,"column":2},"end":{"line":48,"column":3}},{"start":{},"end":{}}],"line":21},"1":{"loc":{"start":{"line":29,"column":4},"end":{"line":29,"column":24}},"type":"if","locations":[{"start":{"line":29,"column":4},"end":{"line":29,"column":24}},{"start":{},"end":{}}],"line":29},"2":{"loc":{"start":{"line":37,"column":6},"end":{"line":41,"column":7}},"type":"if","locations":[{"start":{"line":37,"column":6},"end":{"line":41,"column":7}},{"start":{"line":39,"column":13},"end":{"line":41,"column":7}}],"line":37}},"s":{"0":1,"1":0,"2":0,"3":0,"4":0,"5":0,"6":0,"7":0,"8":0,"9":0,"10":0,"11":0,"12":0,"13":0,"14":0,"15":0,"16":0,"17":0,"18":0},"f":{"0":0,"1":0,"2":0,"3":0,"4":0,"5":0},"b":{"0":[0,0],"1":[0,0],"2":[0,0]},"_coverageSchema":"1a1c01bbd47fc00a2c39e90264f33305004495a9","hash":"9be8a2871851c2adad269f55aa267b2ad1d4a39b"}
,"/Users/dkMagOdr/Code/primer/apps/backend/src/api/category/controllers/category.js": {"path":"/Users/dkMagOdr/Code/primer/apps/backend/src/api/category/controllers/category.js","statementMap":{"0":{"start":{"line":7,"column":33},"end":{"line":7,"column":68}},"1":{"start":{"line":9,"column":0},"end":{"line":9,"column":64}}},"fnMap":{},"branchMap":{},"s":{"0":1,"1":1},"f":{},"b":{},"_coverageSchema":"1a1c01bbd47fc00a2c39e90264f33305004495a9","hash":"543a8f8430087ae421033e9a9be009ce19cc451b"}
,"/Users/dkMagOdr/Code/primer/apps/backend/src/api/category/routes/category.js": {"path":"/Users/dkMagOdr/Code/primer/apps/backend/src/api/category/routes/category.js","statementMap":{"0":{"start":{"line":7,"column":29},"end":{"line":7,"column":64}},"1":{"start":{"line":9,"column":0},"end":{"line":9,"column":60}}},"fnMap":{},"branchMap":{},"s":{"0":1,"1":1},"f":{},"b":{},"_coverageSchema":"1a1c01bbd47fc00a2c39e90264f33305004495a9","hash":"e74085c657e0e62d9dfdb6ca7aafbb873e382bd5"}
,"/Users/dkMagOdr/Code/primer/apps/backend/src/api/category/services/category.js": {"path":"/Users/dkMagOdr/Code/primer/apps/backend/src/api/category/services/category.js","statementMap":{"0":{"start":{"line":7,"column":30},"end":{"line":7,"column":65}},"1":{"start":{"line":9,"column":0},"end":{"line":9,"column":61}}},"fnMap":{},"branchMap":{},"s":{"0":1,"1":1},"f":{},"b":{},"_coverageSchema":"1a1c01bbd47fc00a2c39e90264f33305004495a9","hash":"e2a5883e3d65e0dd474763aa1ecfc67b9f3ceae6"}
,"/Users/dkMagOdr/Code/primer/apps/backend/src/api/creator/controllers/creator.js": {"path":"/Users/dkMagOdr/Code/primer/apps/backend/src/api/creator/controllers/creator.js","statementMap":{"0":{"start":{"line":7,"column":33},"end":{"line":7,"column":68}},"1":{"start":{"line":9,"column":0},"end":{"line":9,"column":62}}},"fnMap":{},"branchMap":{},"s":{"0":1,"1":1},"f":{},"b":{},"_coverageSchema":"1a1c01bbd47fc00a2c39e90264f33305004495a9","hash":"833adb71b1986cf127bcd77bc90419c9ab9490a2"}
,"/Users/dkMagOdr/Code/primer/apps/backend/src/api/creator/routes/creator.js": {"path":"/Users/dkMagOdr/Code/primer/apps/backend/src/api/creator/routes/creator.js","statementMap":{"0":{"start":{"line":7,"column":29},"end":{"line":7,"column":64}},"1":{"start":{"line":9,"column":0},"end":{"line":9,"column":58}}},"fnMap":{},"branchMap":{},"s":{"0":1,"1":1},"f":{},"b":{},"_coverageSchema":"1a1c01bbd47fc00a2c39e90264f33305004495a9","hash":"a5d0f5305a47171352dfd918837182a23039fff7"}
,"/Users/dkMagOdr/Code/primer/apps/backend/src/api/creator/services/creator.js": {"path":"/Users/dkMagOdr/Code/primer/apps/backend/src/api/creator/services/creator.js","statementMap":{"0":{"start":{"line":7,"column":30},"end":{"line":7,"column":65}},"1":{"start":{"line":9,"column":0},"end":{"line":9,"column":59}}},"fnMap":{},"branchMap":{},"s":{"0":1,"1":1},"f":{},"b":{},"_coverageSchema":"1a1c01bbd47fc00a2c39e90264f33305004495a9","hash":"15448a13007311f2b8ac81a2e626433336dfad13"}
,"/Users/dkMagOdr/Code/primer/apps/backend/src/api/global/controllers/global.js": {"path":"/Users/dkMagOdr/Code/primer/apps/backend/src/api/global/controllers/global.js","statementMap":{"0":{"start":{"line":7,"column":33},"end":{"line":7,"column":68}},"1":{"start":{"line":9,"column":0},"end":{"line":9,"column":60}}},"fnMap":{},"branchMap":{},"s":{"0":1,"1":1},"f":{},"b":{},"_coverageSchema":"1a1c01bbd47fc00a2c39e90264f33305004495a9","hash":"e5190a369c0a833b9c44aeafa6b29a67aed800aa"}
,"/Users/dkMagOdr/Code/primer/apps/backend/src/api/global/routes/global.js": {"path":"/Users/dkMagOdr/Code/primer/apps/backend/src/api/global/routes/global.js","statementMap":{"0":{"start":{"line":7,"column":29},"end":{"line":7,"column":64}},"1":{"start":{"line":9,"column":0},"end":{"line":9,"column":56}}},"fnMap":{},"branchMap":{},"s":{"0":1,"1":1},"f":{},"b":{},"_coverageSchema":"1a1c01bbd47fc00a2c39e90264f33305004495a9","hash":"0b22e90e6523174ad57052e16f02afbba593a198"}
,"/Users/dkMagOdr/Code/primer/apps/backend/src/api/global/services/global.js": {"path":"/Users/dkMagOdr/Code/primer/apps/backend/src/api/global/services/global.js","statementMap":{"0":{"start":{"line":7,"column":30},"end":{"line":7,"column":65}},"1":{"start":{"line":9,"column":0},"end":{"line":9,"column":57}}},"fnMap":{},"branchMap":{},"s":{"0":1,"1":1},"f":{},"b":{},"_coverageSchema":"1a1c01bbd47fc00a2c39e90264f33305004495a9","hash":"ad5c700ed7b4dc332f1a9489ab09871dfa220b6a"}
,"/Users/dkMagOdr/Code/primer/apps/backend/src/api/lead-form-submission/controllers/lead-form-submission.js": {"path":"/Users/dkMagOdr/Code/primer/apps/backend/src/api/lead-form-submission/controllers/lead-form-submission.js","statementMap":{"0":{"start":{"line":7,"column":33},"end":{"line":7,"column":68}},"1":{"start":{"line":9,"column":0},"end":{"line":9,"column":88}}},"fnMap":{},"branchMap":{},"s":{"0":1,"1":1},"f":{},"b":{},"_coverageSchema":"1a1c01bbd47fc00a2c39e90264f33305004495a9","hash":"17fa1e37b31f7b6156d029d0c947a4d608422475"}
,"/Users/dkMagOdr/Code/primer/apps/backend/src/api/lead-form-submission/routes/lead-form-submission.js": {"path":"/Users/dkMagOdr/Code/primer/apps/backend/src/api/lead-form-submission/routes/lead-form-submission.js","statementMap":{"0":{"start":{"line":7,"column":29},"end":{"line":7,"column":64}},"1":{"start":{"line":9,"column":0},"end":{"line":9,"column":84}}},"fnMap":{},"branchMap":{},"s":{"0":1,"1":1},"f":{},"b":{},"_coverageSchema":"1a1c01bbd47fc00a2c39e90264f33305004495a9","hash":"b1c89ab0639dae2a06ac64a541d8aa47d9e05667"}
,"/Users/dkMagOdr/Code/primer/apps/backend/src/api/lead-form-submission/services/lead-form-submission.js": {"path":"/Users/dkMagOdr/Code/primer/apps/backend/src/api/lead-form-submission/services/lead-form-submission.js","statementMap":{"0":{"start":{"line":7,"column":30},"end":{"line":7,"column":65}},"1":{"start":{"line":9,"column":0},"end":{"line":9,"column":85}}},"fnMap":{},"branchMap":{},"s":{"0":1,"1":1},"f":{},"b":{},"_coverageSchema":"1a1c01bbd47fc00a2c39e90264f33305004495a9","hash":"f3c443bb44f481a89274832761ed0e86f4028dd7"}
,"/Users/dkMagOdr/Code/primer/apps/backend/src/api/page/controllers/page.js": {"path":"/Users/dkMagOdr/Code/primer/apps/backend/src/api/page/controllers/page.js","statementMap":{"0":{"start":{"line":7,"column":33},"end":{"line":7,"column":68}},"1":{"start":{"line":9,"column":0},"end":{"line":9,"column":56}}},"fnMap":{},"branchMap":{},"s":{"0":1,"1":1},"f":{},"b":{},"_coverageSchema":"1a1c01bbd47fc00a2c39e90264f33305004495a9","hash":"39ded0ac2c271c09f97e56df1935447a9aa12fcf"}
,"/Users/dkMagOdr/Code/primer/apps/backend/src/api/page/middlewares/page-populate-middleware.js": {"path":"/Users/dkMagOdr/Code/primer/apps/backend/src/api/page/middlewares/page-populate-middleware.js","statementMap":{"0":{"start":{"line":10,"column":0},"end":{"line":20,"column":2}},"1":{"start":{"line":11,"column":2},"end":{"line":19,"column":4}},"2":{"start":{"line":12,"column":4},"end":{"line":16,"column":6}},"3":{"start":{"line":18,"column":4},"end":{"line":18,"column":17}}},"fnMap":{"0":{"name":"(anonymous_0)","decl":{"start":{"line":10,"column":17},"end":{"line":10,"column":18}},"loc":{"start":{"line":10,"column":41},"end":{"line":20,"column":1}},"line":10},"1":{"name":"(anonymous_1)","decl":{"start":{"line":11,"column":9},"end":{"line":11,"column":10}},"loc":{"start":{"line":11,"column":30},"end":{"line":19,"column":3}},"line":11}},"branchMap":{},"s":{"0":1,"1":2,"2":0,"3":0},"f":{"0":2,"1":0},"b":{},"_coverageSchema":"1a1c01bbd47fc00a2c39e90264f33305004495a9","hash":"9c91db5872cb9c7142e6e444af4d9e0d8c1319df"}
,"/Users/dkMagOdr/Code/primer/apps/backend/src/api/page/routes/page.js": {"path":"/Users/dkMagOdr/Code/primer/apps/backend/src/api/page/routes/page.js","statementMap":{"0":{"start":{"line":7,"column":29},"end":{"line":7,"column":64}},"1":{"start":{"line":9,"column":0},"end":{"line":18,"column":3}}},"fnMap":{},"branchMap":{},"s":{"0":1,"1":1},"f":{},"b":{},"_coverageSchema":"1a1c01bbd47fc00a2c39e90264f33305004495a9","hash":"d5e9ccf0771d49f848e77e4da2e6b56d1c8bd1dc"}
,"/Users/dkMagOdr/Code/primer/apps/backend/src/api/page/services/page.js": {"path":"/Users/dkMagOdr/Code/primer/apps/backend/src/api/page/services/page.js","statementMap":{"0":{"start":{"line":7,"column":30},"end":{"line":7,"column":65}},"1":{"start":{"line":9,"column":0},"end":{"line":9,"column":53}}},"fnMap":{},"branchMap":{},"s":{"0":1,"1":1},"f":{},"b":{},"_coverageSchema":"1a1c01bbd47fc00a2c39e90264f33305004495a9","hash":"adfa211022cf8c1d0acc9753266f9eb180792e2b"}
,"/Users/dkMagOdr/Code/primer/apps/backend/src/api/product-category/content-types/product-category/lifecycles.js": {"path":"/Users/dkMagOdr/Code/primer/apps/backend/src/api/product-category/content-types/product-category/lifecycles.js","statementMap":{"0":{"start":{"line":3,"column":0},"end":{"line":18,"column":2}},"1":{"start":{"line":6,"column":23},"end":{"line":6,"column":28}},"2":{"start":{"line":8,"column":4},"end":{"line":8,"column":40}},"3":{"start":{"line":13,"column":23},"end":{"line":13,"column":28}},"4":{"start":{"line":16,"column":4},"end":{"line":16,"column":40}},"5":{"start":{"line":21,"column":2},"end":{"line":52,"column":3}},"6":{"start":{"line":23,"column":25},"end":{"line":27,"column":5}},"7":{"start":{"line":28,"column":17},"end":{"line":28,"column":37}},"8":{"start":{"line":29,"column":4},"end":{"line":29,"column":24}},"9":{"start":{"line":29,"column":17},"end":{"line":29,"column":24}},"10":{"start":{"line":30,"column":4},"end":{"line":34,"column":6}},"11":{"start":{"line":35,"column":27},"end":{"line":42,"column":5}},"12":{"start":{"line":36,"column":23},"end":{"line":36,"column":58}},"13":{"start":{"line":36,"column":49},"end":{"line":36,"column":57}},"14":{"start":{"line":37,"column":6},"end":{"line":41,"column":7}},"15":{"start":{"line":37,"column":37},"end":{"line":37,"column":61}},"16":{"start":{"line":38,"column":8},"end":{"line":38,"column":24}},"17":{"start":{"line":40,"column":8},"end":{"line":40,"column":40}},"18":{"start":{"line":43,"column":4},"end":{"line":51,"column":6}}},"fnMap":{"0":{"name":"(anonymous_0)","decl":{"start":{"line":5,"column":2},"end":{"line":5,"column":3}},"loc":{"start":{"line":5,"column":27},"end":{"line":9,"column":3}},"line":5},"1":{"name":"(anonymous_1)","decl":{"start":{"line":12,"column":2},"end":{"line":12,"column":3}},"loc":{"start":{"line":12,"column":27},"end":{"line":17,"column":3}},"line":12},"2":{"name":"updateParentWithChild","decl":{"start":{"line":20,"column":15},"end":{"line":20,"column":36}},"loc":{"start":{"line":20,"column":47},"end":{"line":53,"column":1}},"line":20},"3":{"name":"(anonymous_3)","decl":{"start":{"line":35,"column":27},"end":{"line":35,"column":28}},"loc":{"start":{"line":35,"column":45},"end":{"line":42,"column":5}},"line":35},"4":{"name":"(anonymous_4)","decl":{"start":{"line":36,"column":38},"end":{"line":36,"column":39}},"loc":{"start":{"line":36,"column":49},"end":{"line":36,"column":57}},"line":36},"5":{"name":"(anonymous_5)","decl":{"start":{"line":37,"column":26},"end":{"line":37,"column":27}},"loc":{"start":{"line":37,"column":37},"end":{"line":37,"column":61}},"line":37}},"branchMap":{"0":{"loc":{"start":{"line":21,"column":2},"end":{"line":52,"column":3}},"type":"if","locations":[{"start":{"line":21,"column":2},"end":{"line":52,"column":3}},{"start":{},"end":{}}],"line":21},"1":{"loc":{"start":{"line":29,"column":4},"end":{"line":29,"column":24}},"type":"if","locations":[{"start":{"line":29,"column":4},"end":{"line":29,"column":24}},{"start":{},"end":{}}],"line":29},"2":{"loc":{"start":{"line":37,"column":6},"end":{"line":41,"column":7}},"type":"if","locations":[{"start":{"line":37,"column":6},"end":{"line":41,"column":7}},{"start":{"line":39,"column":13},"end":{"line":41,"column":7}}],"line":37}},"s":{"0":1,"1":0,"2":0,"3":0,"4":0,"5":0,"6":0,"7":0,"8":0,"9":0,"10":0,"11":0,"12":0,"13":0,"14":0,"15":0,"16":0,"17":0,"18":0},"f":{"0":0,"1":0,"2":0,"3":0,"4":0,"5":0},"b":{"0":[0,0],"1":[0,0],"2":[0,0]},"_coverageSchema":"1a1c01bbd47fc00a2c39e90264f33305004495a9","hash":"54b9297707f0872e6f557739011deaadbe5b3f8c"}
,"/Users/dkMagOdr/Code/primer/apps/backend/src/api/product-category/controllers/product-category.js": {"path":"/Users/dkMagOdr/Code/primer/apps/backend/src/api/product-category/controllers/product-category.js","statementMap":{"0":{"start":{"line":7,"column":33},"end":{"line":7,"column":68}},"1":{"start":{"line":9,"column":0},"end":{"line":9,"column":80}}},"fnMap":{},"branchMap":{},"s":{"0":1,"1":1},"f":{},"b":{},"_coverageSchema":"1a1c01bbd47fc00a2c39e90264f33305004495a9","hash":"4e53508e49314616a2fa56b21a7a394d17cac7a4"}
,"/Users/dkMagOdr/Code/primer/apps/backend/src/api/product-category/routes/product-category.js": {"path":"/Users/dkMagOdr/Code/primer/apps/backend/src/api/product-category/routes/product-category.js","statementMap":{"0":{"start":{"line":7,"column":29},"end":{"line":7,"column":64}},"1":{"start":{"line":9,"column":0},"end":{"line":9,"column":76}}},"fnMap":{},"branchMap":{},"s":{"0":1,"1":1},"f":{},"b":{},"_coverageSchema":"1a1c01bbd47fc00a2c39e90264f33305004495a9","hash":"132ef5157680d2a21637d6c9822766b0a11f495e"}
,"/Users/dkMagOdr/Code/primer/apps/backend/src/api/product-category/services/product-category.js": {"path":"/Users/dkMagOdr/Code/primer/apps/backend/src/api/product-category/services/product-category.js","statementMap":{"0":{"start":{"line":7,"column":30},"end":{"line":7,"column":65}},"1":{"start":{"line":9,"column":0},"end":{"line":9,"column":77}}},"fnMap":{},"branchMap":{},"s":{"0":1,"1":1},"f":{},"b":{},"_coverageSchema":"1a1c01bbd47fc00a2c39e90264f33305004495a9","hash":"e220372e7a1660a1b0871a31df1258435b903228"}
,"/Users/dkMagOdr/Code/primer/apps/backend/src/api/product/controllers/product.js": {"path":"/Users/dkMagOdr/Code/primer/apps/backend/src/api/product/controllers/product.js","statementMap":{"0":{"start":{"line":7,"column":33},"end":{"line":7,"column":68}},"1":{"start":{"line":9,"column":0},"end":{"line":9,"column":62}}},"fnMap":{},"branchMap":{},"s":{"0":1,"1":1},"f":{},"b":{},"_coverageSchema":"1a1c01bbd47fc00a2c39e90264f33305004495a9","hash":"a09296a3356892e7d137c2ca2ab1f6d07f8f90b8"}
,"/Users/dkMagOdr/Code/primer/apps/backend/src/api/product/middlewares/product-status-middleware.js": {"path":"/Users/dkMagOdr/Code/primer/apps/backend/src/api/product/middlewares/product-status-middleware.js","statementMap":{"0":{"start":{"line":7,"column":0},"end":{"line":24,"column":2}},"1":{"start":{"line":8,"column":2},"end":{"line":23,"column":4}},"2":{"start":{"line":9,"column":20},"end":{"line":9,"column":94}},"3":{"start":{"line":9,"column":72},"end":{"line":9,"column":93}},"4":{"start":{"line":12,"column":4},"end":{"line":20,"column":5}},"5":{"start":{"line":13,"column":6},"end":{"line":13,"column":37}},"6":{"start":{"line":13,"column":22},"end":{"line":13,"column":37}},"7":{"start":{"line":14,"column":6},"end":{"line":14,"column":53}},"8":{"start":{"line":14,"column":30},"end":{"line":14,"column":53}},"9":{"start":{"line":16,"column":6},"end":{"line":18,"column":8}},"10":{"start":{"line":22,"column":4},"end":{"line":22,"column":17}}},"fnMap":{"0":{"name":"(anonymous_0)","decl":{"start":{"line":7,"column":17},"end":{"line":7,"column":18}},"loc":{"start":{"line":7,"column":41},"end":{"line":24,"column":1}},"line":7},"1":{"name":"(anonymous_1)","decl":{"start":{"line":8,"column":9},"end":{"line":8,"column":10}},"loc":{"start":{"line":8,"column":30},"end":{"line":23,"column":3}},"line":8},"2":{"name":"(anonymous_2)","decl":{"start":{"line":9,"column":64},"end":{"line":9,"column":65}},"loc":{"start":{"line":9,"column":72},"end":{"line":9,"column":93}},"line":9}},"branchMap":{"0":{"loc":{"start":{"line":9,"column":20},"end":{"line":9,"column":94}},"type":"binary-expr","locations":[{"start":{"line":9,"column":20},"end":{"line":9,"column":32}},{"start":{"line":9,"column":36},"end":{"line":9,"column":94}}],"line":9},"1":{"loc":{"start":{"line":12,"column":4},"end":{"line":20,"column":5}},"type":"if","locations":[{"start":{"line":12,"column":4},"end":{"line":20,"column":5}},{"start":{},"end":{}}],"line":12},"2":{"loc":{"start":{"line":13,"column":6},"end":{"line":13,"column":37}},"type":"if","locations":[{"start":{"line":13,"column":6},"end":{"line":13,"column":37}},{"start":{},"end":{}}],"line":13},"3":{"loc":{"start":{"line":14,"column":6},"end":{"line":14,"column":53}},"type":"if","locations":[{"start":{"line":14,"column":6},"end":{"line":14,"column":53}},{"start":{},"end":{}}],"line":14}},"s":{"0":1,"1":2,"2":0,"3":0,"4":0,"5":0,"6":0,"7":0,"8":0,"9":0,"10":0},"f":{"0":2,"1":0,"2":0},"b":{"0":[0,0],"1":[0,0],"2":[0,0],"3":[0,0]},"_coverageSchema":"1a1c01bbd47fc00a2c39e90264f33305004495a9","hash":"1f993709cbce23ebaea0bb5fdd6c0a297df1e450"}
,"/Users/dkMagOdr/Code/primer/apps/backend/src/api/product/routes/product.js": {"path":"/Users/dkMagOdr/Code/primer/apps/backend/src/api/product/routes/product.js","statementMap":{"0":{"start":{"line":7,"column":29},"end":{"line":7,"column":64}},"1":{"start":{"line":9,"column":0},"end":{"line":18,"column":3}}},"fnMap":{},"branchMap":{},"s":{"0":1,"1":1},"f":{},"b":{},"_coverageSchema":"1a1c01bbd47fc00a2c39e90264f33305004495a9","hash":"7363ba659df2591bca8d80ce2c6fd42a3da26b49"}
,"/Users/dkMagOdr/Code/primer/apps/backend/src/api/product/services/product.js": {"path":"/Users/dkMagOdr/Code/primer/apps/backend/src/api/product/services/product.js","statementMap":{"0":{"start":{"line":7,"column":30},"end":{"line":7,"column":65}},"1":{"start":{"line":9,"column":0},"end":{"line":9,"column":59}}},"fnMap":{},"branchMap":{},"s":{"0":1,"1":1},"f":{},"b":{},"_coverageSchema":"1a1c01bbd47fc00a2c39e90264f33305004495a9","hash":"8cdc6d9b068443ea77afad4c51f992f5d59bf174"}
,"/Users/dkMagOdr/Code/primer/apps/backend/src/plugins/status-manager/strapi-admin.js": {"path":"/Users/dkMagOdr/Code/primer/apps/backend/src/plugins/status-manager/strapi-admin.js","statementMap":{},"fnMap":{},"branchMap":{},"s":{},"f":{},"b":{}}
,"/Users/dkMagOdr/Code/primer/apps/backend/src/plugins/status-manager/strapi-server.js": {"path":"/Users/dkMagOdr/Code/primer/apps/backend/src/plugins/status-manager/strapi-server.js","statementMap":{"0":{"start":{"line":3,"column":15},"end":{"line":3,"column":54}},"1":{"start":{"line":4,"column":21},"end":{"line":4,"column":67}},"2":{"start":{"line":5,"column":20},"end":{"line":5,"column":64}},"3":{"start":{"line":6,"column":17},"end":{"line":6,"column":52}},"4":{"start":{"line":7,"column":15},"end":{"line":7,"column":54}},"5":{"start":{"line":8,"column":17},"end":{"line":8,"column":58}},"6":{"start":{"line":10,"column":0},"end":{"line":10,"column":48}},"7":{"start":{"line":12,"column":0},"end":{"line":22,"column":2}},"8":{"start":{"line":13,"column":2},"end":{"line":21,"column":4}}},"fnMap":{"0":{"name":"(anonymous_0)","decl":{"start":{"line":12,"column":17},"end":{"line":12,"column":18}},"loc":{"start":{"line":12,"column":23},"end":{"line":22,"column":1}},"line":12},"1":{"name":"(anonymous_1)","decl":{"start":{"line":20,"column":4},"end":{"line":20,"column":5}},"loc":{"start":{"line":20,"column":16},"end":{"line":20,"column":18}},"line":20}},"branchMap":{},"s":{"0":1,"1":1,"2":1,"3":1,"4":1,"5":1,"6":1,"7":1,"8":1},"f":{"0":1,"1":1},"b":{},"_coverageSchema":"1a1c01bbd47fc00a2c39e90264f33305004495a9","hash":"cfc694dd584dc0f3aedf6866a6ad21d0cef209a9"}
,"/Users/dkMagOdr/Code/primer/apps/backend/src/plugins/status-manager/admin/src/pluginId.js": {"path":"/Users/dkMagOdr/Code/primer/apps/backend/src/plugins/status-manager/admin/src/pluginId.js","statementMap":{"0":{"start":{"line":1,"column":25},"end":{"line":1,"column":41}}},"fnMap":{},"branchMap":{},"s":{"0":0},"f":{},"b":{}}
,"/Users/dkMagOdr/Code/primer/apps/backend/src/plugins/status-manager/admin/src/components/Initializer.jsx": {"path":"/Users/dkMagOdr/Code/primer/apps/backend/src/plugins/status-manager/admin/src/components/Initializer.jsx","statementMap":{"0":{"start":{"line":8,"column":20},"end":{"line":16,"column":1}},"1":{"start":{"line":9,"column":14},"end":{"line":9,"column":31}},"2":{"start":{"line":11,"column":2},"end":{"line":13,"column":9}},"3":{"start":{"line":12,"column":4},"end":{"line":12,"column":27}},"4":{"start":{"line":15,"column":2},"end":{"line":15,"column":14}}},"fnMap":{"0":{"name":"(anonymous_0)","decl":{"start":{"line":8,"column":20},"end":{"line":8,"column":21}},"loc":{"start":{"line":8,"column":39},"end":{"line":16,"column":1}},"line":8},"1":{"name":"(anonymous_1)","decl":{"start":{"line":11,"column":12},"end":{"line":11,"column":13}},"loc":{"start":{"line":11,"column":18},"end":{"line":13,"column":3}},"line":11}},"branchMap":{},"s":{"0":0,"1":0,"2":0,"3":0,"4":0},"f":{"0":0,"1":0},"b":{}}
,"/Users/dkMagOdr/Code/primer/apps/backend/src/plugins/status-manager/admin/src/components/PluginIcon.jsx": {"path":"/Users/dkMagOdr/Code/primer/apps/backend/src/plugins/status-manager/admin/src/components/PluginIcon.jsx","statementMap":{"0":{"start":{"line":3,"column":19},"end":{"line":3,"column":40}},"1":{"start":{"line":3,"column":25},"end":{"line":3,"column":40}}},"fnMap":{"0":{"name":"(anonymous_0)","decl":{"start":{"line":3,"column":19},"end":{"line":3,"column":20}},"loc":{"start":{"line":3,"column":25},"end":{"line":3,"column":40}},"line":3}},"branchMap":{},"s":{"0":0,"1":0},"f":{"0":0},"b":{}}
,"/Users/dkMagOdr/Code/primer/apps/backend/src/plugins/status-manager/admin/src/components/ProductStatusField.jsx": {"path":"/Users/dkMagOdr/Code/primer/apps/backend/src/plugins/status-manager/admin/src/components/ProductStatusField.jsx","statementMap":{"0":{"start":{"line":5,"column":27},"end":{"line":76,"column":1}},"1":{"start":{"line":8,"column":20},"end":{"line":8,"column":40}},"2":{"start":{"line":9,"column":34},"end":{"line":9,"column":46}},"3":{"start":{"line":10,"column":44},"end":{"line":10,"column":56}},"4":{"start":{"line":11,"column":32},"end":{"line":11,"column":44}},"5":{"start":{"line":12,"column":23},"end":{"line":12,"column":39}},"6":{"start":{"line":14,"column":2},"end":{"line":26,"column":33}},"7":{"start":{"line":16,"column":8},"end":{"line":23,"column":9}},"8":{"start":{"line":17,"column":42},"end":{"line":17,"column":155}},"9":{"start":{"line":18,"column":27},"end":{"line":18,"column":54}},"10":{"start":{"line":19,"column":12},"end":{"line":19,"column":75}},"11":{"start":{"line":19,"column":39},"end":{"line":19,"column":75}},"12":{"start":{"line":20,"column":12},"end":{"line":20,"column":82}},"13":{"start":{"line":20,"column":33},"end":{"line":20,"column":82}},"14":{"start":{"line":22,"column":12},"end":{"line":22,"column":67}},"15":{"start":{"line":25,"column":4},"end":{"line":25,"column":40}},"16":{"start":{"line":25,"column":19},"end":{"line":25,"column":40}},"17":{"start":{"line":28,"column":2},"end":{"line":38,"column":12}},"18":{"start":{"line":30,"column":6},"end":{"line":35,"column":7}},"19":{"start":{"line":31,"column":25},"end":{"line":31,"column":62}},"20":{"start":{"line":32,"column":8},"end":{"line":32,"column":26}},"21":{"start":{"line":34,"column":8},"end":{"line":34,"column":57}},"22":{"start":{"line":37,"column":4},"end":{"line":37,"column":20}},"23":{"start":{"line":40,"column":29},"end":{"line":56,"column":3}},"24":{"start":{"line":41,"column":26},"end":{"line":41,"column":77}},"25":{"start":{"line":41,"column":45},"end":{"line":41,"column":71}},"26":{"start":{"line":42,"column":4},"end":{"line":55,"column":5}},"27":{"start":{"line":43,"column":6},"end":{"line":48,"column":9}},"28":{"start":{"line":49,"column":6},"end":{"line":49,"column":77}},"29":{"start":{"line":50,"column":6},"end":{"line":50,"column":38}},"30":{"start":{"line":53,"column":6},"end":{"line":53,"column":42}},"31":{"start":{"line":54,"column":6},"end":{"line":54,"column":53}},"32":{"start":{"line":58,"column":2},"end":{"line":75,"column":3}},"33":{"start":{"line":67,"column":14},"end":{"line":69,"column":35}}},"fnMap":{"0":{"name":"(anonymous_0)","decl":{"start":{"line":5,"column":27},"end":{"line":5,"column":28}},"loc":{"start":{"line":7,"column":6},"end":{"line":76,"column":1}},"line":7},"1":{"name":"(anonymous_1)","decl":{"start":{"line":14,"column":12},"end":{"line":14,"column":13}},"loc":{"start":{"line":14,"column":18},"end":{"line":26,"column":3}},"line":14},"2":{"name":"fetchCurrentStatus","decl":{"start":{"line":15,"column":19},"end":{"line":15,"column":37}},"loc":{"start":{"line":15,"column":39},"end":{"line":24,"column":5}},"line":15},"3":{"name":"(anonymous_3)","decl":{"start":{"line":28,"column":12},"end":{"line":28,"column":13}},"loc":{"start":{"line":28,"column":18},"end":{"line":38,"column":3}},"line":28},"4":{"name":"fetchStatuses","decl":{"start":{"line":29,"column":19},"end":{"line":29,"column":32}},"loc":{"start":{"line":29,"column":35},"end":{"line":36,"column":5}},"line":29},"5":{"name":"(anonymous_5)","decl":{"start":{"line":40,"column":29},"end":{"line":40,"column":30}},"loc":{"start":{"line":40,"column":50},"end":{"line":56,"column":3}},"line":40},"6":{"name":"(anonymous_6)","decl":{"start":{"line":41,"column":40},"end":{"line":41,"column":41}},"loc":{"start":{"line":41,"column":45},"end":{"line":41,"column":71}},"line":41},"7":{"name":"(anonymous_7)","decl":{"start":{"line":66,"column":26},"end":{"line":66,"column":27}},"loc":{"start":{"line":67,"column":14},"end":{"line":69,"column":35}},"line":67}},"branchMap":{"0":{"loc":{"start":{"line":19,"column":12},"end":{"line":19,"column":75}},"type":"if","locations":[{"start":{"line":19,"column":12},"end":{"line":19,"column":75}},{"start":{},"end":{}}],"line":19},"1":{"loc":{"start":{"line":19,"column":16},"end":{"line":19,"column":37}},"type":"binary-expr","locations":[{"start":{"line":19,"column":16},"end":{"line":19,"column":22}},{"start":{"line":19,"column":26},"end":{"line":19,"column":37}}],"line":19},"2":{"loc":{"start":{"line":20,"column":12},"end":{"line":20,"column":82}},"type":"if","locations":[{"start":{"line":20,"column":12},"end":{"line":20,"column":82}},{"start":{},"end":{}}],"line":20},"3":{"loc":{"start":{"line":25,"column":4},"end":{"line":25,"column":40}},"type":"if","locations":[{"start":{"line":25,"column":4},"end":{"line":25,"column":40}},{"start":{},"end":{}}],"line":25}},"s":{"0":0,"1":0,"2":0,"3":0,"4":0,"5":0,"6":0,"7":0,"8":0,"9":0,"10":0,"11":0,"12":0,"13":0,"14":0,"15":0,"16":0,"17":0,"18":0,"19":0,"20":0,"21":0,"22":0,"23":0,"24":0,"25":0,"26":0,"27":0,"28":0,"29":0,"30":0,"31":0,"32":0,"33":0},"f":{"0":0,"1":0,"2":0,"3":0,"4":0,"5":0,"6":0,"7":0},"b":{"0":[0,0],"1":[0,0],"2":[0,0],"3":[0,0]}}
,"/Users/dkMagOdr/Code/primer/apps/backend/src/plugins/status-manager/admin/src/components/StatusManager.jsx": {"path":"/Users/dkMagOdr/Code/primer/apps/backend/src/plugins/status-manager/admin/src/components/StatusManager.jsx","statementMap":{"0":{"start":{"line":16,"column":22},"end":{"line":221,"column":1}},"1":{"start":{"line":17,"column":34},"end":{"line":17,"column":46}},"2":{"start":{"line":18,"column":36},"end":{"line":18,"column":48}},"3":{"start":{"line":19,"column":46},"end":{"line":19,"column":60}},"4":{"start":{"line":20,"column":52},"end":{"line":20,"column":64}},"5":{"start":{"line":21,"column":36},"end":{"line":21,"column":52}},"6":{"start":{"line":24,"column":2},"end":{"line":34,"column":12}},"7":{"start":{"line":25,"column":25},"end":{"line":32,"column":5}},"8":{"start":{"line":26,"column":6},"end":{"line":31,"column":7}},"9":{"start":{"line":27,"column":25},"end":{"line":27,"column":62}},"10":{"start":{"line":28,"column":8},"end":{"line":28,"column":26}},"11":{"start":{"line":30,"column":8},"end":{"line":30,"column":57}},"12":{"start":{"line":33,"column":4},"end":{"line":33,"column":19}},"13":{"start":{"line":37,"column":24},"end":{"line":37,"column":62}},"14":{"start":{"line":37,"column":35},"end":{"line":37,"column":62}},"15":{"start":{"line":40,"column":20},"end":{"line":53,"column":3}},"16":{"start":{"line":41,"column":4},"end":{"line":42,"column":53}},"17":{"start":{"line":42,"column":6},"end":{"line":42,"column":53}},"18":{"start":{"line":43,"column":4},"end":{"line":52,"column":5}},"19":{"start":{"line":44,"column":23},"end":{"line":47,"column":8}},"20":{"start":{"line":48,"column":6},"end":{"line":48,"column":39}},"21":{"start":{"line":49,"column":6},"end":{"line":49,"column":23}},"22":{"start":{"line":51,"column":6},"end":{"line":51,"column":53}},"23":{"start":{"line":55,"column":20},"end":{"line":73,"column":3}},"24":{"start":{"line":56,"column":4},"end":{"line":56,"column":36}},"25":{"start":{"line":56,"column":29},"end":{"line":56,"column":36}},"26":{"start":{"line":58,"column":22},"end":{"line":58,"column":35}},"27":{"start":{"line":59,"column":20},"end":{"line":59,"column":60}},"28":{"start":{"line":60,"column":4},"end":{"line":60,"column":57}},"29":{"start":{"line":61,"column":4},"end":{"line":61,"column":27}},"30":{"start":{"line":64,"column":23},"end":{"line":67,"column":7}},"31":{"start":{"line":64,"column":57},"end":{"line":67,"column":5}},"32":{"start":{"line":68,"column":4},"end":{"line":72,"column":5}},"33":{"start":{"line":69,"column":6},"end":{"line":69,"column":78}},"34":{"start":{"line":71,"column":6},"end":{"line":71,"column":52}},"35":{"start":{"line":76,"column":24},"end":{"line":78,"column":3}},"36":{"start":{"line":77,"column":4},"end":{"line":77,"column":30}},"37":{"start":{"line":81,"column":23},"end":{"line":93,"column":3}},"38":{"start":{"line":82,"column":4},"end":{"line":82,"column":73}},"39":{"start":{"line":82,"column":28},"end":{"line":82,"column":73}},"40":{"start":{"line":83,"column":21},"end":{"line":83,"column":80}},"41":{"start":{"line":83,"column":40},"end":{"line":83,"column":68}},"42":{"start":{"line":84,"column":4},"end":{"line":92,"column":5}},"43":{"start":{"line":85,"column":6},"end":{"line":88,"column":9}},"44":{"start":{"line":89,"column":6},"end":{"line":89,"column":70}},"45":{"start":{"line":89,"column":41},"end":{"line":89,"column":67}},"46":{"start":{"line":91,"column":6},"end":{"line":91,"column":53}},"47":{"start":{"line":96,"column":24},"end":{"line":105,"column":3}},"48":{"start":{"line":97,"column":4},"end":{"line":104,"column":5}},"49":{"start":{"line":98,"column":6},"end":{"line":98,"column":77}},"50":{"start":{"line":99,"column":6},"end":{"line":101,"column":8}},"51":{"start":{"line":100,"column":29},"end":{"line":100,"column":86}},"52":{"start":{"line":103,"column":6},"end":{"line":103,"column":61}},"53":{"start":{"line":107,"column":2},"end":{"line":220,"column":4}},"54":{"start":{"line":116,"column":27},"end":{"line":116,"column":55}},"55":{"start":{"line":127,"column":12},"end":{"line":215,"column":18}},"56":{"start":{"line":133,"column":16},"end":{"line":212,"column":28}},"57":{"start":{"line":139,"column":20},"end":{"line":210,"column":27}},"58":{"start":{"line":155,"column":26},"end":{"line":155,"column":76}},"59":{"start":{"line":160,"column":55},"end":{"line":160,"column":76}},"60":{"start":{"line":181,"column":47},"end":{"line":181,"column":73}},"61":{"start":{"line":183,"column":34},"end":{"line":185,"column":55}}},"fnMap":{"0":{"name":"(anonymous_0)","decl":{"start":{"line":16,"column":22},"end":{"line":16,"column":23}},"loc":{"start":{"line":16,"column":28},"end":{"line":221,"column":1}},"line":16},"1":{"name":"(anonymous_1)","decl":{"start":{"line":24,"column":12},"end":{"line":24,"column":13}},"loc":{"start":{"line":24,"column":18},"end":{"line":34,"column":3}},"line":24},"2":{"name":"(anonymous_2)","decl":{"start":{"line":25,"column":25},"end":{"line":25,"column":26}},"loc":{"start":{"line":25,"column":37},"end":{"line":32,"column":5}},"line":25},"3":{"name":"(anonymous_3)","decl":{"start":{"line":37,"column":24},"end":{"line":37,"column":25}},"loc":{"start":{"line":37,"column":35},"end":{"line":37,"column":62}},"line":37},"4":{"name":"(anonymous_4)","decl":{"start":{"line":40,"column":20},"end":{"line":40,"column":21}},"loc":{"start":{"line":40,"column":32},"end":{"line":53,"column":3}},"line":40},"5":{"name":"(anonymous_5)","decl":{"start":{"line":55,"column":20},"end":{"line":55,"column":21}},"loc":{"start":{"line":55,"column":38},"end":{"line":73,"column":3}},"line":55},"6":{"name":"(anonymous_6)","decl":{"start":{"line":64,"column":37},"end":{"line":64,"column":38}},"loc":{"start":{"line":64,"column":57},"end":{"line":67,"column":5}},"line":64},"7":{"name":"(anonymous_7)","decl":{"start":{"line":76,"column":24},"end":{"line":76,"column":25}},"loc":{"start":{"line":76,"column":36},"end":{"line":78,"column":3}},"line":76},"8":{"name":"(anonymous_8)","decl":{"start":{"line":81,"column":23},"end":{"line":81,"column":24}},"loc":{"start":{"line":81,"column":35},"end":{"line":93,"column":3}},"line":81},"9":{"name":"(anonymous_9)","decl":{"start":{"line":83,"column":35},"end":{"line":83,"column":36}},"loc":{"start":{"line":83,"column":40},"end":{"line":83,"column":68}},"line":83},"10":{"name":"(anonymous_10)","decl":{"start":{"line":89,"column":34},"end":{"line":89,"column":35}},"loc":{"start":{"line":89,"column":41},"end":{"line":89,"column":67}},"line":89},"11":{"name":"(anonymous_11)","decl":{"start":{"line":96,"column":24},"end":{"line":96,"column":25}},"loc":{"start":{"line":96,"column":49},"end":{"line":105,"column":3}},"line":96},"12":{"name":"(anonymous_12)","decl":{"start":{"line":100,"column":21},"end":{"line":100,"column":22}},"loc":{"start":{"line":100,"column":29},"end":{"line":100,"column":86}},"line":100},"13":{"name":"(anonymous_13)","decl":{"start":{"line":116,"column":20},"end":{"line":116,"column":21}},"loc":{"start":{"line":116,"column":27},"end":{"line":116,"column":55}},"line":116},"14":{"name":"(anonymous_14)","decl":{"start":{"line":126,"column":11},"end":{"line":126,"column":12}},"loc":{"start":{"line":127,"column":12},"end":{"line":215,"column":18}},"line":127},"15":{"name":"(anonymous_15)","decl":{"start":{"line":132,"column":28},"end":{"line":132,"column":29}},"loc":{"start":{"line":133,"column":16},"end":{"line":212,"column":28}},"line":133},"16":{"name":"(anonymous_16)","decl":{"start":{"line":138,"column":19},"end":{"line":138,"column":20}},"loc":{"start":{"line":139,"column":20},"end":{"line":210,"column":27}},"line":139},"17":{"name":"(anonymous_17)","decl":{"start":{"line":154,"column":33},"end":{"line":154,"column":34}},"loc":{"start":{"line":155,"column":26},"end":{"line":155,"column":76}},"line":155},"18":{"name":"(anonymous_18)","decl":{"start":{"line":160,"column":49},"end":{"line":160,"column":50}},"loc":{"start":{"line":160,"column":55},"end":{"line":160,"column":76}},"line":160},"19":{"name":"(anonymous_19)","decl":{"start":{"line":181,"column":40},"end":{"line":181,"column":41}},"loc":{"start":{"line":181,"column":47},"end":{"line":181,"column":73}},"line":181},"20":{"name":"(anonymous_20)","decl":{"start":{"line":182,"column":37},"end":{"line":182,"column":38}},"loc":{"start":{"line":183,"column":34},"end":{"line":185,"column":55}},"line":183}},"branchMap":{"0":{"loc":{"start":{"line":41,"column":4},"end":{"line":42,"column":53}},"type":"if","locations":[{"start":{"line":41,"column":4},"end":{"line":42,"column":53}},{"start":{},"end":{}}],"line":41},"1":{"loc":{"start":{"line":41,"column":8},"end":{"line":41,"column":47}},"type":"binary-expr","locations":[{"start":{"line":41,"column":8},"end":{"line":41,"column":18}},{"start":{"line":41,"column":22},"end":{"line":41,"column":47}}],"line":41},"2":{"loc":{"start":{"line":56,"column":4},"end":{"line":56,"column":36}},"type":"if","locations":[{"start":{"line":56,"column":4},"end":{"line":56,"column":36}},{"start":{},"end":{}}],"line":56},"3":{"loc":{"start":{"line":82,"column":4},"end":{"line":82,"column":73}},"type":"if","locations":[{"start":{"line":82,"column":4},"end":{"line":82,"column":73}},{"start":{},"end":{}}],"line":82},"4":{"loc":{"start":{"line":100,"column":29},"end":{"line":100,"column":86}},"type":"cond-expr","locations":[{"start":{"line":100,"column":51},"end":{"line":100,"column":82}},{"start":{"line":100,"column":85},"end":{"line":100,"column":86}}],"line":100},"5":{"loc":{"start":{"line":153,"column":33},"end":{"line":153,"column":81}},"type":"cond-expr","locations":[{"start":{"line":153,"column":52},"end":{"line":153,"column":67}},{"start":{"line":153,"column":70},"end":{"line":153,"column":81}}],"line":153},"6":{"loc":{"start":{"line":158,"column":25},"end":{"line":158,"column":71}},"type":"cond-expr","locations":[{"start":{"line":158,"column":44},"end":{"line":158,"column":55}},{"start":{"line":158,"column":58},"end":{"line":158,"column":71}}],"line":158},"7":{"loc":{"start":{"line":172,"column":27},"end":{"line":191,"column":41}},"type":"binary-expr","locations":[{"start":{"line":172,"column":28},"end":{"line":172,"column":47}},{"start":{"line":172,"column":51},"end":{"line":172,"column":65}},{"start":{"line":172,"column":72},"end":{"line":191,"column":40}}],"line":172},"8":{"loc":{"start":{"line":188,"column":29},"end":{"line":190,"column":42}},"type":"binary-expr","locations":[{"start":{"line":188,"column":29},"end":{"line":188,"column":46}},{"start":{"line":188,"column":51},"end":{"line":190,"column":41}}],"line":188}},"s":{"0":1,"1":30,"2":29,"3":29,"4":29,"5":29,"6":29,"7":5,"8":5,"9":5,"10":5,"11":0,"12":5,"13":29,"14":2,"15":29,"16":2,"17":1,"18":1,"19":1,"20":1,"21":1,"22":0,"23":29,"24":0,"25":0,"26":0,"27":0,"28":0,"29":0,"30":0,"31":0,"32":0,"33":0,"34":0,"35":29,"36":1,"37":29,"38":1,"39":1,"40":0,"41":0,"42":0,"43":0,"44":0,"45":0,"46":0,"47":29,"48":1,"49":1,"50":1,"51":2,"52":0,"53":29,"54":16,"55":29,"56":49,"57":49,"58":1,"59":1,"60":4,"61":2},"f":{"0":30,"1":5,"2":5,"3":2,"4":2,"5":0,"6":0,"7":1,"8":1,"9":0,"10":0,"11":1,"12":2,"13":16,"14":29,"15":49,"16":49,"17":1,"18":1,"19":4,"20":2},"b":{"0":[1,1],"1":[2,2],"2":[0,0],"3":[1,0],"4":[1,1],"5":[23,26],"6":[23,26],"7":[49,49,2],"8":[2,0]},"_coverageSchema":"1a1c01bbd47fc00a2c39e90264f33305004495a9","hash":"038b15d63d069ed0567a593b36d378dfa4a8e406"}
,"/Users/dkMagOdr/Code/primer/apps/backend/src/plugins/status-manager/admin/src/pages/App.jsx": {"path":"/Users/dkMagOdr/Code/primer/apps/backend/src/plugins/status-manager/admin/src/pages/App.jsx","statementMap":{"0":{"start":{"line":7,"column":12},"end":{"line":17,"column":1}},"1":{"start":{"line":8,"column":2},"end":{"line":16,"column":4}}},"fnMap":{"0":{"name":"(anonymous_0)","decl":{"start":{"line":7,"column":12},"end":{"line":7,"column":13}},"loc":{"start":{"line":7,"column":18},"end":{"line":17,"column":1}},"line":7}},"branchMap":{},"s":{"0":0,"1":0},"f":{"0":0},"b":{}}
,"/Users/dkMagOdr/Code/primer/apps/backend/src/plugins/status-manager/admin/src/pages/HomePage.jsx": {"path":"/Users/dkMagOdr/Code/primer/apps/backend/src/plugins/status-manager/admin/src/pages/HomePage.jsx","statementMap":{"0":{"start":{"line":4,"column":17},"end":{"line":27,"column":1}},"1":{"start":{"line":6,"column":2},"end":{"line":26,"column":4}}},"fnMap":{"0":{"name":"(anonymous_0)","decl":{"start":{"line":4,"column":17},"end":{"line":4,"column":18}},"loc":{"start":{"line":4,"column":23},"end":{"line":27,"column":1}},"line":4}},"branchMap":{},"s":{"0":0,"1":0},"f":{"0":0},"b":{}}
,"/Users/dkMagOdr/Code/primer/apps/backend/src/plugins/status-manager/server/src/bootstrap.js": {"path":"/Users/dkMagOdr/Code/primer/apps/backend/src/plugins/status-manager/server/src/bootstrap.js","statementMap":{"0":{"start":{"line":1,"column":0},"end":{"line":3,"column":2}}},"fnMap":{"0":{"name":"(anonymous_0)","decl":{"start":{"line":1,"column":18},"end":{"line":1,"column":19}},"loc":{"start":{"line":1,"column":34},"end":{"line":3,"column":1}},"line":1}},"branchMap":{},"s":{"0":0},"f":{"0":0},"b":{}}
,"/Users/dkMagOdr/Code/primer/apps/backend/src/plugins/status-manager/server/src/destroy.js": {"path":"/Users/dkMagOdr/Code/primer/apps/backend/src/plugins/status-manager/server/src/destroy.js","statementMap":{"0":{"start":{"line":1,"column":0},"end":{"line":3,"column":2}}},"fnMap":{"0":{"name":"(anonymous_0)","decl":{"start":{"line":1,"column":17},"end":{"line":1,"column":18}},"loc":{"start":{"line":1,"column":33},"end":{"line":3,"column":1}},"line":1}},"branchMap":{},"s":{"0":0},"f":{"0":0},"b":{}}
,"/Users/dkMagOdr/Code/primer/apps/backend/src/plugins/status-manager/server/src/register.js": {"path":"/Users/dkMagOdr/Code/primer/apps/backend/src/plugins/status-manager/server/src/register.js","statementMap":{"0":{"start":{"line":1,"column":0},"end":{"line":4,"column":2}},"1":{"start":{"line":2,"column":2},"end":{"line":2,"column":57}}},"fnMap":{"0":{"name":"(anonymous_0)","decl":{"start":{"line":1,"column":17},"end":{"line":1,"column":18}},"loc":{"start":{"line":1,"column":39},"end":{"line":4,"column":1}},"line":1}},"branchMap":{},"s":{"0":1,"1":1},"f":{"0":1},"b":{},"_coverageSchema":"1a1c01bbd47fc00a2c39e90264f33305004495a9","hash":"556c5fbec82aecf6555fddebd2a060d998aeb68b"}
,"/Users/dkMagOdr/Code/primer/apps/backend/src/plugins/status-manager/server/src/content-types/status.js": {"path":"/Users/dkMagOdr/Code/primer/apps/backend/src/plugins/status-manager/server/src/content-types/status.js","statementMap":{"0":{"start":{"line":1,"column":0},"end":{"line":42,"column":2}}},"fnMap":{},"branchMap":{},"s":{"0":1},"f":{},"b":{},"_coverageSchema":"1a1c01bbd47fc00a2c39e90264f33305004495a9","hash":"6db5ba4d5fc6ee4c440f93c0a6069bf2901a5774"}
,"/Users/dkMagOdr/Code/primer/apps/backend/src/plugins/status-manager/server/src/controllers/status.js": {"path":"/Users/dkMagOdr/Code/primer/apps/backend/src/plugins/status-manager/server/src/controllers/status.js","statementMap":{"0":{"start":{"line":1,"column":15},"end":{"line":103,"column":2}},"1":{"start":{"line":1,"column":32},"end":{"line":103,"column":1}},"2":{"start":{"line":3,"column":4},"end":{"line":12,"column":5}},"3":{"start":{"line":4,"column":23},"end":{"line":7,"column":15}},"4":{"start":{"line":9,"column":6},"end":{"line":9,"column":32}},"5":{"start":{"line":11,"column":6},"end":{"line":11,"column":26}},"6":{"start":{"line":14,"column":4},"end":{"line":25,"column":5}},"7":{"start":{"line":15,"column":21},"end":{"line":15,"column":31}},"8":{"start":{"line":16,"column":21},"end":{"line":16,"column":92}},"9":{"start":{"line":18,"column":6},"end":{"line":20,"column":7}},"10":{"start":{"line":19,"column":8},"end":{"line":19,"column":48}},"11":{"start":{"line":22,"column":6},"end":{"line":22,"column":30}},"12":{"start":{"line":24,"column":6},"end":{"line":24,"column":26}},"13":{"start":{"line":28,"column":4},"end":{"line":54,"column":5}},"14":{"start":{"line":29,"column":42},"end":{"line":29,"column":58}},"15":{"start":{"line":32,"column":6},"end":{"line":34,"column":7}},"16":{"start":{"line":33,"column":8},"end":{"line":33,"column":81}},"17":{"start":{"line":37,"column":31},"end":{"line":40,"column":8}},"18":{"start":{"line":42,"column":23},"end":{"line":42,"column":82}},"19":{"start":{"line":45,"column":24},"end":{"line":49,"column":8}},"20":{"start":{"line":51,"column":6},"end":{"line":51,"column":33}},"21":{"start":{"line":53,"column":6},"end":{"line":53,"column":60}},"22":{"start":{"line":57,"column":4},"end":{"line":74,"column":5}},"23":{"start":{"line":58,"column":27},"end":{"line":58,"column":43}},"24":{"start":{"line":60,"column":6},"end":{"line":62,"column":7}},"25":{"start":{"line":61,"column":8},"end":{"line":61,"column":53}},"26":{"start":{"line":65,"column":6},"end":{"line":69,"column":8}},"27":{"start":{"line":67,"column":10},"end":{"line":67,"column":95}},"28":{"start":{"line":71,"column":6},"end":{"line":71,"column":58}},"29":{"start":{"line":73,"column":6},"end":{"line":73,"column":61}},"30":{"start":{"line":77,"column":19},"end":{"line":77,"column":37}},"31":{"start":{"line":78,"column":26},"end":{"line":78,"column":42}},"32":{"start":{"line":79,"column":4},"end":{"line":87,"column":5}},"33":{"start":{"line":80,"column":6},"end":{"line":83,"column":8}},"34":{"start":{"line":84,"column":6},"end":{"line":84,"column":70}},"35":{"start":{"line":86,"column":6},"end":{"line":86,"column":57}},"36":{"start":{"line":90,"column":4},"end":{"line":101,"column":5}},"37":{"start":{"line":91,"column":42},"end":{"line":91,"column":58}},"38":{"start":{"line":93,"column":6},"end":{"line":95,"column":7}},"39":{"start":{"line":94,"column":8},"end":{"line":94,"column":56}},"40":{"start":{"line":96,"column":21},"end":{"line":96,"column":114}},"41":{"start":{"line":98,"column":6},"end":{"line":98,"column":30}},"42":{"start":{"line":100,"column":6},"end":{"line":100,"column":63}},"43":{"start":{"line":105,"column":0},"end":{"line":105,"column":24}}},"fnMap":{"0":{"name":"(anonymous_0)","decl":{"start":{"line":1,"column":15},"end":{"line":1,"column":16}},"loc":{"start":{"line":1,"column":32},"end":{"line":103,"column":1}},"line":1},"1":{"name":"(anonymous_1)","decl":{"start":{"line":2,"column":2},"end":{"line":2,"column":3}},"loc":{"start":{"line":2,"column":18},"end":{"line":13,"column":3}},"line":2},"2":{"name":"(anonymous_2)","decl":{"start":{"line":13,"column":6},"end":{"line":13,"column":7}},"loc":{"start":{"line":13,"column":25},"end":{"line":26,"column":3}},"line":13},"3":{"name":"(anonymous_3)","decl":{"start":{"line":27,"column":2},"end":{"line":27,"column":3}},"loc":{"start":{"line":27,"column":20},"end":{"line":55,"column":3}},"line":27},"4":{"name":"(anonymous_4)","decl":{"start":{"line":56,"column":2},"end":{"line":56,"column":3}},"loc":{"start":{"line":56,"column":21},"end":{"line":75,"column":3}},"line":56},"5":{"name":"(anonymous_5)","decl":{"start":{"line":66,"column":21},"end":{"line":66,"column":22}},"loc":{"start":{"line":67,"column":10},"end":{"line":67,"column":95}},"line":67},"6":{"name":"(anonymous_6)","decl":{"start":{"line":76,"column":2},"end":{"line":76,"column":3}},"loc":{"start":{"line":76,"column":21},"end":{"line":88,"column":3}},"line":76},"7":{"name":"(anonymous_7)","decl":{"start":{"line":89,"column":2},"end":{"line":89,"column":3}},"loc":{"start":{"line":89,"column":20},"end":{"line":102,"column":3}},"line":89}},"branchMap":{"0":{"loc":{"start":{"line":18,"column":6},"end":{"line":20,"column":7}},"type":"if","locations":[{"start":{"line":18,"column":6},"end":{"line":20,"column":7}},{"start":{},"end":{}}],"line":18},"1":{"loc":{"start":{"line":29,"column":20},"end":{"line":29,"column":37}},"type":"default-arg","locations":[{"start":{"line":29,"column":32},"end":{"line":29,"column":37}}],"line":29},"2":{"loc":{"start":{"line":32,"column":6},"end":{"line":34,"column":7}},"type":"if","locations":[{"start":{"line":32,"column":6},"end":{"line":34,"column":7}},{"start":{},"end":{}}],"line":32},"3":{"loc":{"start":{"line":42,"column":23},"end":{"line":42,"column":82}},"type":"cond-expr","locations":[{"start":{"line":42,"column":53},"end":{"line":42,"column":78}},{"start":{"line":42,"column":81},"end":{"line":42,"column":82}}],"line":42},"4":{"loc":{"start":{"line":60,"column":6},"end":{"line":62,"column":7}},"type":"if","locations":[{"start":{"line":60,"column":6},"end":{"line":62,"column":7}},{"start":{},"end":{}}],"line":60},"5":{"loc":{"start":{"line":93,"column":6},"end":{"line":95,"column":7}},"type":"if","locations":[{"start":{"line":93,"column":6},"end":{"line":95,"column":7}},{"start":{},"end":{}}],"line":93}},"s":{"0":1,"1":1,"2":1,"3":1,"4":1,"5":0,"6":2,"7":2,"8":2,"9":2,"10":1,"11":1,"12":0,"13":2,"14":2,"15":2,"16":1,"17":1,"18":1,"19":1,"20":1,"21":0,"22":2,"23":2,"24":2,"25":1,"26":1,"27":2,"28":1,"29":0,"30":1,"31":1,"32":1,"33":1,"34":1,"35":0,"36":2,"37":2,"38":2,"39":1,"40":1,"41":1,"42":0,"43":1},"f":{"0":1,"1":1,"2":2,"3":2,"4":2,"5":2,"6":1,"7":2},"b":{"0":[1,1],"1":[0],"2":[1,1],"3":[1,0],"4":[1,1],"5":[1,1]},"_coverageSchema":"1a1c01bbd47fc00a2c39e90264f33305004495a9","hash":"122eb1e6f9dd9d84a843bfb4d34724b76be961fc"}
,"/Users/dkMagOdr/Code/primer/apps/backend/src/plugins/status-manager/server/src/controllers/__tests__/status.test.js": {"path":"/Users/dkMagOdr/Code/primer/apps/backend/src/plugins/status-manager/server/src/controllers/__tests__/status.test.js","statementMap":{"0":{"start":{"line":1,"column":33},"end":{"line":1,"column":81}},"1":{"start":{"line":3,"column":0},"end":{"line":228,"column":3}},"2":{"start":{"line":10,"column":2},"end":{"line":39,"column":5}},"3":{"start":{"line":11,"column":4},"end":{"line":11,"column":42}},"4":{"start":{"line":12,"column":4},"end":{"line":12,"column":76}},"5":{"start":{"line":15,"column":4},"end":{"line":21,"column":7}},"6":{"start":{"line":23,"column":4},"end":{"line":29,"column":7}},"7":{"start":{"line":32,"column":4},"end":{"line":38,"column":7}},"8":{"start":{"line":41,"column":2},"end":{"line":53,"column":5}},"9":{"start":{"line":43,"column":4},"end":{"line":45,"column":7}},"10":{"start":{"line":46,"column":4},"end":{"line":48,"column":7}},"11":{"start":{"line":49,"column":4},"end":{"line":51,"column":7}},"12":{"start":{"line":52,"column":4},"end":{"line":52,"column":27}},"13":{"start":{"line":55,"column":2},"end":{"line":65,"column":5}},"14":{"start":{"line":56,"column":4},"end":{"line":64,"column":7}},"15":{"start":{"line":57,"column":18},"end":{"line":60,"column":7}},"16":{"start":{"line":62,"column":6},"end":{"line":62,"column":39}},"17":{"start":{"line":63,"column":6},"end":{"line":63,"column":42}},"18":{"start":{"line":67,"column":2},"end":{"line":91,"column":5}},"19":{"start":{"line":68,"column":4},"end":{"line":78,"column":7}},"20":{"start":{"line":69,"column":18},"end":{"line":74,"column":7}},"21":{"start":{"line":76,"column":6},"end":{"line":76,"column":42}},"22":{"start":{"line":77,"column":6},"end":{"line":77,"column":56}},"23":{"start":{"line":80,"column":4},"end":{"line":90,"column":7}},"24":{"start":{"line":81,"column":18},"end":{"line":86,"column":7}},"25":{"start":{"line":88,"column":6},"end":{"line":88,"column":42}},"26":{"start":{"line":89,"column":6},"end":{"line":89,"column":68}},"27":{"start":{"line":93,"column":2},"end":{"line":127,"column":5}},"28":{"start":{"line":94,"column":4},"end":{"line":109,"column":7}},"29":{"start":{"line":95,"column":18},"end":{"line":105,"column":7}},"30":{"start":{"line":107,"column":6},"end":{"line":107,"column":41}},"31":{"start":{"line":108,"column":6},"end":{"line":108,"column":42}},"32":{"start":{"line":111,"column":4},"end":{"line":126,"column":7}},"33":{"start":{"line":112,"column":18},"end":{"line":122,"column":7}},"34":{"start":{"line":124,"column":6},"end":{"line":124,"column":41}},"35":{"start":{"line":125,"column":6},"end":{"line":125,"column":101}},"36":{"start":{"line":129,"column":2},"end":{"line":164,"column":5}},"37":{"start":{"line":130,"column":4},"end":{"line":147,"column":7}},"38":{"start":{"line":131,"column":18},"end":{"line":143,"column":7}},"39":{"start":{"line":145,"column":6},"end":{"line":145,"column":42}},"40":{"start":{"line":146,"column":6},"end":{"line":146,"column":87}},"41":{"start":{"line":149,"column":4},"end":{"line":163,"column":7}},"42":{"start":{"line":150,"column":18},"end":{"line":159,"column":7}},"43":{"start":{"line":161,"column":6},"end":{"line":161,"column":42}},"44":{"start":{"line":162,"column":6},"end":{"line":162,"column":73}},"45":{"start":{"line":166,"column":2},"end":{"line":180,"column":5}},"46":{"start":{"line":167,"column":4},"end":{"line":179,"column":7}},"47":{"start":{"line":168,"column":18},"end":{"line":175,"column":7}},"48":{"start":{"line":177,"column":6},"end":{"line":177,"column":42}},"49":{"start":{"line":178,"column":6},"end":{"line":178,"column":99}},"50":{"start":{"line":182,"column":2},"end":{"line":227,"column":5}},"51":{"start":{"line":183,"column":4},"end":{"line":210,"column":7}},"52":{"start":{"line":184,"column":18},"end":{"line":194,"column":7}},"53":{"start":{"line":196,"column":6},"end":{"line":209,"column":7}},"54":{"start":{"line":197,"column":8},"end":{"line":197,"column":43}},"55":{"start":{"line":198,"column":8},"end":{"line":198,"column":109}},"56":{"start":{"line":201,"column":31},"end":{"line":204,"column":10}},"57":{"start":{"line":205,"column":8},"end":{"line":205,"column":80}},"58":{"start":{"line":207,"column":8},"end":{"line":207,"column":54}},"59":{"start":{"line":208,"column":8},"end":{"line":208,"column":20}},"60":{"start":{"line":212,"column":4},"end":{"line":226,"column":7}},"61":{"start":{"line":213,"column":18},"end":{"line":222,"column":7}},"62":{"start":{"line":224,"column":6},"end":{"line":224,"column":41}},"63":{"start":{"line":225,"column":6},"end":{"line":225,"column":76}}},"fnMap":{"0":{"name":"(anonymous_0)","decl":{"start":{"line":3,"column":30},"end":{"line":3,"column":31}},"loc":{"start":{"line":3,"column":36},"end":{"line":228,"column":1}},"line":3},"1":{"name":"(anonymous_1)","decl":{"start":{"line":10,"column":12},"end":{"line":10,"column":13}},"loc":{"start":{"line":10,"column":24},"end":{"line":39,"column":3}},"line":10},"2":{"name":"(anonymous_2)","decl":{"start":{"line":41,"column":11},"end":{"line":41,"column":12}},"loc":{"start":{"line":41,"column":23},"end":{"line":53,"column":3}},"line":41},"3":{"name":"(anonymous_3)","decl":{"start":{"line":55,"column":19},"end":{"line":55,"column":20}},"loc":{"start":{"line":55,"column":25},"end":{"line":65,"column":3}},"line":55},"4":{"name":"(anonymous_4)","decl":{"start":{"line":56,"column":37},"end":{"line":56,"column":38}},"loc":{"start":{"line":56,"column":49},"end":{"line":64,"column":5}},"line":56},"5":{"name":"(anonymous_5)","decl":{"start":{"line":67,"column":22},"end":{"line":67,"column":23}},"loc":{"start":{"line":67,"column":28},"end":{"line":91,"column":3}},"line":67},"6":{"name":"(anonymous_6)","decl":{"start":{"line":68,"column":40},"end":{"line":68,"column":41}},"loc":{"start":{"line":68,"column":52},"end":{"line":78,"column":5}},"line":68},"7":{"name":"(anonymous_7)","decl":{"start":{"line":80,"column":48},"end":{"line":80,"column":49}},"loc":{"start":{"line":80,"column":60},"end":{"line":90,"column":5}},"line":80},"8":{"name":"(anonymous_8)","decl":{"start":{"line":93,"column":21},"end":{"line":93,"column":22}},"loc":{"start":{"line":93,"column":27},"end":{"line":127,"column":3}},"line":93},"9":{"name":"(anonymous_9)","decl":{"start":{"line":94,"column":37},"end":{"line":94,"column":38}},"loc":{"start":{"line":94,"column":49},"end":{"line":109,"column":5}},"line":94},"10":{"name":"(anonymous_10)","decl":{"start":{"line":111,"column":45},"end":{"line":111,"column":46}},"loc":{"start":{"line":111,"column":57},"end":{"line":126,"column":5}},"line":111},"11":{"name":"(anonymous_11)","decl":{"start":{"line":129,"column":22},"end":{"line":129,"column":23}},"loc":{"start":{"line":129,"column":28},"end":{"line":164,"column":3}},"line":129},"12":{"name":"(anonymous_12)","decl":{"start":{"line":130,"column":34},"end":{"line":130,"column":35}},"loc":{"start":{"line":130,"column":46},"end":{"line":147,"column":5}},"line":130},"13":{"name":"(anonymous_13)","decl":{"start":{"line":149,"column":44},"end":{"line":149,"column":45}},"loc":{"start":{"line":149,"column":56},"end":{"line":163,"column":5}},"line":149},"14":{"name":"(anonymous_14)","decl":{"start":{"line":166,"column":22},"end":{"line":166,"column":23}},"loc":{"start":{"line":166,"column":28},"end":{"line":180,"column":3}},"line":166},"15":{"name":"(anonymous_15)","decl":{"start":{"line":167,"column":43},"end":{"line":167,"column":44}},"loc":{"start":{"line":167,"column":55},"end":{"line":179,"column":5}},"line":167},"16":{"name":"(anonymous_16)","decl":{"start":{"line":182,"column":21},"end":{"line":182,"column":22}},"loc":{"start":{"line":182,"column":27},"end":{"line":227,"column":3}},"line":182},"17":{"name":"(anonymous_17)","decl":{"start":{"line":183,"column":64},"end":{"line":183,"column":65}},"loc":{"start":{"line":183,"column":76},"end":{"line":210,"column":5}},"line":183},"18":{"name":"(anonymous_18)","decl":{"start":{"line":212,"column":34},"end":{"line":212,"column":35}},"loc":{"start":{"line":212,"column":46},"end":{"line":226,"column":5}},"line":212}},"branchMap":{},"s":{"0":0,"1":0,"2":0,"3":0,"4":0,"5":0,"6":0,"7":0,"8":0,"9":0,"10":0,"11":0,"12":0,"13":0,"14":0,"15":0,"16":0,"17":0,"18":0,"19":0,"20":0,"21":0,"22":0,"23":0,"24":0,"25":0,"26":0,"27":0,"28":0,"29":0,"30":0,"31":0,"32":0,"33":0,"34":0,"35":0,"36":0,"37":0,"38":0,"39":0,"40":0,"41":0,"42":0,"43":0,"44":0,"45":0,"46":0,"47":0,"48":0,"49":0,"50":0,"51":0,"52":0,"53":0,"54":0,"55":0,"56":0,"57":0,"58":0,"59":0,"60":0,"61":0,"62":0,"63":0},"f":{"0":0,"1":0,"2":0,"3":0,"4":0,"5":0,"6":0,"7":0,"8":0,"9":0,"10":0,"11":0,"12":0,"13":0,"14":0,"15":0,"16":0,"17":0,"18":0},"b":{}}
,"/Users/dkMagOdr/Code/primer/apps/backend/src/plugins/status-manager/server/src/routes/admin-api.js": {"path":"/Users/dkMagOdr/Code/primer/apps/backend/src/plugins/status-manager/server/src/routes/admin-api.js","statementMap":{"0":{"start":{"line":1,"column":0},"end":{"line":53,"column":2}}},"fnMap":{},"branchMap":{},"s":{"0":1},"f":{},"b":{},"_coverageSchema":"1a1c01bbd47fc00a2c39e90264f33305004495a9","hash":"ba9e38c07f8f799a31c8acec8dd25124e0e236d0"}
,"/Users/dkMagOdr/Code/primer/apps/backend/src/plugins/status-manager/server/src/services/status.js": {"path":"/Users/dkMagOdr/Code/primer/apps/backend/src/plugins/status-manager/server/src/services/status.js","statementMap":{"0":{"start":{"line":1,"column":0},"end":{"line":66,"column":3}},"1":{"start":{"line":1,"column":34},"end":{"line":66,"column":1}},"2":{"start":{"line":3,"column":4},"end":{"line":5,"column":6}},"3":{"start":{"line":9,"column":4},"end":{"line":15,"column":5}},"4":{"start":{"line":10,"column":24},"end":{"line":10,"column":100}},"5":{"start":{"line":11,"column":6},"end":{"line":11,"column":23}},"6":{"start":{"line":13,"column":6},"end":{"line":13,"column":56}},"7":{"start":{"line":14,"column":6},"end":{"line":14,"column":49}},"8":{"start":{"line":18,"column":4},"end":{"line":64,"column":5}},"9":{"start":{"line":19,"column":6},"end":{"line":21,"column":7}},"10":{"start":{"line":20,"column":8},"end":{"line":20,"column":48}},"11":{"start":{"line":22,"column":6},"end":{"line":44,"column":7}},"12":{"start":{"line":23,"column":34},"end":{"line":25,"column":10}},"13":{"start":{"line":26,"column":8},"end":{"line":28,"column":9}},"14":{"start":{"line":27,"column":10},"end":{"line":27,"column":58}},"15":{"start":{"line":29,"column":8},"end":{"line":43,"column":9}},"16":{"start":{"line":30,"column":34},"end":{"line":33,"column":12}},"17":{"start":{"line":34,"column":43},"end":{"line":39,"column":11}},"18":{"start":{"line":35,"column":12},"end":{"line":38,"column":14}},"19":{"start":{"line":40,"column":10},"end":{"line":40,"column":54}},"20":{"start":{"line":42,"column":10},"end":{"line":42,"column":59}},"21":{"start":{"line":46,"column":6},"end":{"line":48,"column":9}},"22":{"start":{"line":50,"column":32},"end":{"line":52,"column":8}},"23":{"start":{"line":54,"column":6},"end":{"line":58,"column":8}},"24":{"start":{"line":56,"column":10},"end":{"line":56,"column":109}},"25":{"start":{"line":60,"column":6},"end":{"line":60,"column":75}},"26":{"start":{"line":62,"column":6},"end":{"line":62,"column":56}},"27":{"start":{"line":63,"column":6},"end":{"line":63,"column":50}}},"fnMap":{"0":{"name":"(anonymous_0)","decl":{"start":{"line":1,"column":17},"end":{"line":1,"column":18}},"loc":{"start":{"line":1,"column":34},"end":{"line":66,"column":1}},"line":1},"1":{"name":"(anonymous_1)","decl":{"start":{"line":2,"column":2},"end":{"line":2,"column":3}},"loc":{"start":{"line":2,"column":15},"end":{"line":6,"column":3}},"line":2},"2":{"name":"(anonymous_2)","decl":{"start":{"line":8,"column":2},"end":{"line":8,"column":3}},"loc":{"start":{"line":8,"column":27},"end":{"line":16,"column":3}},"line":8},"3":{"name":"(anonymous_3)","decl":{"start":{"line":17,"column":2},"end":{"line":17,"column":3}},"loc":{"start":{"line":17,"column":46},"end":{"line":65,"column":3}},"line":17},"4":{"name":"(anonymous_4)","decl":{"start":{"line":34,"column":63},"end":{"line":34,"column":64}},"loc":{"start":{"line":35,"column":12},"end":{"line":38,"column":14}},"line":35},"5":{"name":"(anonymous_5)","decl":{"start":{"line":55,"column":30},"end":{"line":55,"column":31}},"loc":{"start":{"line":56,"column":10},"end":{"line":56,"column":109}},"line":56}},"branchMap":{"0":{"loc":{"start":{"line":19,"column":6},"end":{"line":21,"column":7}},"type":"if","locations":[{"start":{"line":19,"column":6},"end":{"line":21,"column":7}},{"start":{},"end":{}}],"line":19},"1":{"loc":{"start":{"line":22,"column":6},"end":{"line":44,"column":7}},"type":"if","locations":[{"start":{"line":22,"column":6},"end":{"line":44,"column":7}},{"start":{},"end":{}}],"line":22},"2":{"loc":{"start":{"line":26,"column":8},"end":{"line":28,"column":9}},"type":"if","locations":[{"start":{"line":26,"column":8},"end":{"line":28,"column":9}},{"start":{},"end":{}}],"line":26}},"s":{"0":1,"1":1,"2":1,"3":1,"4":1,"5":1,"6":0,"7":0,"8":1,"9":1,"10":0,"11":1,"12":1,"13":1,"14":0,"15":1,"16":1,"17":1,"18":1,"19":1,"20":0,"21":1,"22":1,"23":1,"24":299,"25":1,"26":0,"27":0},"f":{"0":1,"1":1,"2":1,"3":1,"4":1,"5":299},"b":{"0":[0,1],"1":[1,0],"2":[0,1]},"_coverageSchema":"1a1c01bbd47fc00a2c39e90264f33305004495a9","hash":"0cc14f702de0170819bed7d41c23e56f9c0c7b19"}
,"/Users/dkMagOdr/Code/primer/apps/backend/src/test/helpers/strapi.js": {"path":"/Users/dkMagOdr/Code/primer/apps/backend/src/test/helpers/strapi.js","statementMap":{"0":{"start":{"line":1,"column":25},"end":{"line":1,"column":50}},"1":{"start":{"line":2,"column":11},"end":{"line":2,"column":24}},"2":{"start":{"line":3,"column":13},"end":{"line":3,"column":28}},"3":{"start":{"line":7,"column":20},"end":{"line":7,"column":52}},"4":{"start":{"line":8,"column":2},"end":{"line":10,"column":3}},"5":{"start":{"line":9,"column":4},"end":{"line":9,"column":49}},"6":{"start":{"line":13,"column":14},"end":{"line":17,"column":4}},"7":{"start":{"line":20,"column":2},"end":{"line":20,"column":19}},"8":{"start":{"line":23,"column":2},"end":{"line":23,"column":20}},"9":{"start":{"line":25,"column":2},"end":{"line":25,"column":13}},"10":{"start":{"line":28,"column":0},"end":{"line":30,"column":2}}},"fnMap":{"0":{"name":"createStrapiInstance","decl":{"start":{"line":5,"column":15},"end":{"line":5,"column":35}},"loc":{"start":{"line":5,"column":38},"end":{"line":26,"column":1}},"line":5}},"branchMap":{"0":{"loc":{"start":{"line":8,"column":2},"end":{"line":10,"column":3}},"type":"if","locations":[{"start":{"line":8,"column":2},"end":{"line":10,"column":3}},{"start":{},"end":{}}],"line":8}},"s":{"0":1,"1":1,"2":1,"3":1,"4":1,"5":0,"6":1,"7":1,"8":1,"9":1,"10":1},"f":{"0":1},"b":{"0":[0,1]},"_coverageSchema":"1a1c01bbd47fc00a2c39e90264f33305004495a9","hash":"37e8a10e662f733c8a8ceab8695bcd5c528f7fce"}
}
