TN:
SF:jest.config.js
FNF:0
FNH:0
DA:2,0
LF:1
LH:0
BRF:0
BRH:0
end_of_record
TN:
SF:.strapi/client/app.js
FNF:0
FNH:0
DA:10,0
LF:1
LH:0
BRF:0
BRH:0
end_of_record
TN:
SF:config/admin.js
FN:1,(anonymous_0)
FNF:1
FNH:1
FNDA:1,(anonymous_0)
DA:1,1
LF:1
LH:1
BRF:0
BRH:0
end_of_record
TN:
SF:config/api.js
FNF:0
FNH:0
DA:1,1
LF:1
LH:1
BRF:0
BRH:0
end_of_record
TN:
SF:config/database.js
FN:3,(anonymous_0)
FNF:1
FNH:1
FNDA:1,(anonymous_0)
DA:1,1
DA:3,1
LF:2
LH:2
BRF:0
BRH:0
end_of_record
TN:
SF:config/middlewares.js
FNF:0
FNH:0
DA:1,1
LF:1
LH:1
BRF:0
BRH:0
end_of_record
TN:
SF:config/plugins.js
FN:1,(anonymous_0)
FNF:1
FNH:1
FNDA:3,(anonymous_0)
DA:1,3
LF:1
LH:1
BRF:0
BRH:0
end_of_record
TN:
SF:config/server.js
FN:1,(anonymous_0)
FNF:1
FNH:1
FNDA:1,(anonymous_0)
DA:1,1
LF:1
LH:1
BRF:0
BRH:0
end_of_record
TN:
SF:config/env/test/database.js
FN:1,(anonymous_0)
FNF:1
FNH:1
FNDA:1,(anonymous_0)
DA:1,1
LF:1
LH:1
BRF:0
BRH:0
end_of_record
TN:
SF:src/admin/app.example.js
FN:32,(anonymous_0)
FNF:1
FNH:0
FNDA:0,(anonymous_0)
DA:1,0
DA:32,0
DA:33,0
LF:3
LH:0
BRF:0
BRH:0
end_of_record
TN:
SF:src/admin/webpack.config.example.js
FN:4,(anonymous_0)
FNF:1
FNH:0
FNDA:0,(anonymous_0)
DA:4,0
DA:8,0
LF:2
LH:0
BRF:0
BRH:0
end_of_record
TN:
SF:src/api/article/controllers/article.js
FNF:0
FNH:0
DA:7,1
DA:9,1
LF:2
LH:2
BRF:0
BRH:0
end_of_record
TN:
SF:src/api/article/routes/article.js
FNF:0
FNH:0
DA:7,1
DA:9,1
LF:2
LH:2
BRF:0
BRH:0
end_of_record
TN:
SF:src/api/article/services/article.js
FNF:0
FNH:0
DA:7,1
DA:9,1
LF:2
LH:2
BRF:0
BRH:0
end_of_record
TN:
SF:src/api/category/content-types/category/lifecycles.js
FN:5,(anonymous_0)
FN:12,(anonymous_1)
FN:20,updateParentWithChild
FN:35,(anonymous_3)
FN:36,(anonymous_4)
FN:37,(anonymous_5)
FNF:6
FNH:0
FNDA:0,(anonymous_0)
FNDA:0,(anonymous_1)
FNDA:0,updateParentWithChild
FNDA:0,(anonymous_3)
FNDA:0,(anonymous_4)
FNDA:0,(anonymous_5)
DA:3,1
DA:6,0
DA:8,0
DA:13,0
DA:16,0
DA:21,0
DA:23,0
DA:28,0
DA:29,0
DA:30,0
DA:35,0
DA:36,0
DA:37,0
DA:38,0
DA:40,0
DA:43,0
LF:16
LH:1
BRDA:21,0,0,0
BRDA:21,0,1,0
BRDA:29,1,0,0
BRDA:29,1,1,0
BRDA:37,2,0,0
BRDA:37,2,1,0
BRF:6
BRH:0
end_of_record
TN:
SF:src/api/category/controllers/category.js
FNF:0
FNH:0
DA:7,1
DA:9,1
LF:2
LH:2
BRF:0
BRH:0
end_of_record
TN:
SF:src/api/category/routes/category.js
FNF:0
FNH:0
DA:7,1
DA:9,1
LF:2
LH:2
BRF:0
BRH:0
end_of_record
TN:
SF:src/api/category/services/category.js
FNF:0
FNH:0
DA:7,1
DA:9,1
LF:2
LH:2
BRF:0
BRH:0
end_of_record
TN:
SF:src/api/creator/controllers/creator.js
FNF:0
FNH:0
DA:7,1
DA:9,1
LF:2
LH:2
BRF:0
BRH:0
end_of_record
TN:
SF:src/api/creator/routes/creator.js
FNF:0
FNH:0
DA:7,1
DA:9,1
LF:2
LH:2
BRF:0
BRH:0
end_of_record
TN:
SF:src/api/creator/services/creator.js
FNF:0
FNH:0
DA:7,1
DA:9,1
LF:2
LH:2
BRF:0
BRH:0
end_of_record
TN:
SF:src/api/global/controllers/global.js
FNF:0
FNH:0
DA:7,1
DA:9,1
LF:2
LH:2
BRF:0
BRH:0
end_of_record
TN:
SF:src/api/global/routes/global.js
FNF:0
FNH:0
DA:7,1
DA:9,1
LF:2
LH:2
BRF:0
BRH:0
end_of_record
TN:
SF:src/api/global/services/global.js
FNF:0
FNH:0
DA:7,1
DA:9,1
LF:2
LH:2
BRF:0
BRH:0
end_of_record
TN:
SF:src/api/lead-form-submission/controllers/lead-form-submission.js
FNF:0
FNH:0
DA:7,1
DA:9,1
LF:2
LH:2
BRF:0
BRH:0
end_of_record
TN:
SF:src/api/lead-form-submission/routes/lead-form-submission.js
FNF:0
FNH:0
DA:7,1
DA:9,1
LF:2
LH:2
BRF:0
BRH:0
end_of_record
TN:
SF:src/api/lead-form-submission/services/lead-form-submission.js
FNF:0
FNH:0
DA:7,1
DA:9,1
LF:2
LH:2
BRF:0
BRH:0
end_of_record
TN:
SF:src/api/page/controllers/page.js
FNF:0
FNH:0
DA:7,1
DA:9,1
LF:2
LH:2
BRF:0
BRH:0
end_of_record
TN:
SF:src/api/page/middlewares/page-populate-middleware.js
FN:10,(anonymous_0)
FN:11,(anonymous_1)
FNF:2
FNH:1
FNDA:2,(anonymous_0)
FNDA:0,(anonymous_1)
DA:10,1
DA:11,2
DA:12,0
DA:18,0
LF:4
LH:2
BRF:0
BRH:0
end_of_record
TN:
SF:src/api/page/routes/page.js
FNF:0
FNH:0
DA:7,1
DA:9,1
LF:2
LH:2
BRF:0
BRH:0
end_of_record
TN:
SF:src/api/page/services/page.js
FNF:0
FNH:0
DA:7,1
DA:9,1
LF:2
LH:2
BRF:0
BRH:0
end_of_record
TN:
SF:src/api/product-category/content-types/product-category/lifecycles.js
FN:5,(anonymous_0)
FN:12,(anonymous_1)
FN:20,updateParentWithChild
FN:35,(anonymous_3)
FN:36,(anonymous_4)
FN:37,(anonymous_5)
FNF:6
FNH:0
FNDA:0,(anonymous_0)
FNDA:0,(anonymous_1)
FNDA:0,updateParentWithChild
FNDA:0,(anonymous_3)
FNDA:0,(anonymous_4)
FNDA:0,(anonymous_5)
DA:3,1
DA:6,0
DA:8,0
DA:13,0
DA:16,0
DA:21,0
DA:23,0
DA:28,0
DA:29,0
DA:30,0
DA:35,0
DA:36,0
DA:37,0
DA:38,0
DA:40,0
DA:43,0
LF:16
LH:1
BRDA:21,0,0,0
BRDA:21,0,1,0
BRDA:29,1,0,0
BRDA:29,1,1,0
BRDA:37,2,0,0
BRDA:37,2,1,0
BRF:6
BRH:0
end_of_record
TN:
SF:src/api/product-category/controllers/product-category.js
FNF:0
FNH:0
DA:7,1
DA:9,1
LF:2
LH:2
BRF:0
BRH:0
end_of_record
TN:
SF:src/api/product-category/routes/product-category.js
FNF:0
FNH:0
DA:7,1
DA:9,1
LF:2
LH:2
BRF:0
BRH:0
end_of_record
TN:
SF:src/api/product-category/services/product-category.js
FNF:0
FNH:0
DA:7,1
DA:9,1
LF:2
LH:2
BRF:0
BRH:0
end_of_record
TN:
SF:src/api/product/controllers/product.js
FNF:0
FNH:0
DA:7,1
DA:9,1
LF:2
LH:2
BRF:0
BRH:0
end_of_record
TN:
SF:src/api/product/middlewares/product-status-middleware.js
FN:7,(anonymous_0)
FN:8,(anonymous_1)
FN:9,(anonymous_2)
FNF:3
FNH:1
FNDA:2,(anonymous_0)
FNDA:0,(anonymous_1)
FNDA:0,(anonymous_2)
DA:7,1
DA:8,2
DA:9,0
DA:12,0
DA:13,0
DA:14,0
DA:16,0
DA:22,0
LF:8
LH:2
BRDA:9,0,0,0
BRDA:9,0,1,0
BRDA:12,1,0,0
BRDA:12,1,1,0
BRDA:13,2,0,0
BRDA:13,2,1,0
BRDA:14,3,0,0
BRDA:14,3,1,0
BRF:8
BRH:0
end_of_record
TN:
SF:src/api/product/routes/product.js
FNF:0
FNH:0
DA:7,1
DA:9,1
LF:2
LH:2
BRF:0
BRH:0
end_of_record
TN:
SF:src/api/product/services/product.js
FNF:0
FNH:0
DA:7,1
DA:9,1
LF:2
LH:2
BRF:0
BRH:0
end_of_record
TN:
SF:src/plugins/status-manager/strapi-admin.js
FNF:0
FNH:0
LF:0
LH:0
BRF:0
BRH:0
end_of_record
TN:
SF:src/plugins/status-manager/strapi-server.js
FN:12,(anonymous_0)
FN:20,(anonymous_1)
FNF:2
FNH:2
FNDA:1,(anonymous_0)
FNDA:1,(anonymous_1)
DA:3,1
DA:4,1
DA:5,1
DA:6,1
DA:7,1
DA:8,1
DA:10,1
DA:12,1
DA:13,1
LF:9
LH:9
BRF:0
BRH:0
end_of_record
TN:
SF:src/plugins/status-manager/admin/src/pluginId.js
FNF:0
FNH:0
DA:1,0
LF:1
LH:0
BRF:0
BRH:0
end_of_record
TN:
SF:src/plugins/status-manager/admin/src/components/Initializer.jsx
FN:8,(anonymous_0)
FN:11,(anonymous_1)
FNF:2
FNH:0
FNDA:0,(anonymous_0)
FNDA:0,(anonymous_1)
DA:8,0
DA:9,0
DA:11,0
DA:12,0
DA:15,0
LF:5
LH:0
BRF:0
BRH:0
end_of_record
TN:
SF:src/plugins/status-manager/admin/src/components/PluginIcon.jsx
FN:3,(anonymous_0)
FNF:1
FNH:0
FNDA:0,(anonymous_0)
DA:3,0
LF:1
LH:0
BRF:0
BRH:0
end_of_record
TN:
SF:src/plugins/status-manager/admin/src/components/ProductStatusField.jsx
FN:5,(anonymous_0)
FN:14,(anonymous_1)
FN:15,fetchCurrentStatus
FN:28,(anonymous_3)
FN:29,fetchStatuses
FN:40,(anonymous_5)
FN:41,(anonymous_6)
FN:66,(anonymous_7)
FNF:8
FNH:0
FNDA:0,(anonymous_0)
FNDA:0,(anonymous_1)
FNDA:0,fetchCurrentStatus
FNDA:0,(anonymous_3)
FNDA:0,fetchStatuses
FNDA:0,(anonymous_5)
FNDA:0,(anonymous_6)
FNDA:0,(anonymous_7)
DA:5,0
DA:8,0
DA:9,0
DA:10,0
DA:11,0
DA:12,0
DA:14,0
DA:16,0
DA:17,0
DA:18,0
DA:19,0
DA:20,0
DA:22,0
DA:25,0
DA:28,0
DA:30,0
DA:31,0
DA:32,0
DA:34,0
DA:37,0
DA:40,0
DA:41,0
DA:42,0
DA:43,0
DA:49,0
DA:50,0
DA:53,0
DA:54,0
DA:58,0
DA:67,0
LF:30
LH:0
BRDA:19,0,0,0
BRDA:19,0,1,0
BRDA:19,1,0,0
BRDA:19,1,1,0
BRDA:20,2,0,0
BRDA:20,2,1,0
BRDA:25,3,0,0
BRDA:25,3,1,0
BRF:8
BRH:0
end_of_record
TN:
SF:src/plugins/status-manager/admin/src/components/StatusManager.jsx
FN:16,(anonymous_0)
FN:24,(anonymous_1)
FN:25,(anonymous_2)
FN:37,(anonymous_3)
FN:40,(anonymous_4)
FN:55,(anonymous_5)
FN:64,(anonymous_6)
FN:76,(anonymous_7)
FN:81,(anonymous_8)
FN:83,(anonymous_9)
FN:89,(anonymous_10)
FN:96,(anonymous_11)
FN:100,(anonymous_12)
FN:116,(anonymous_13)
FN:126,(anonymous_14)
FN:132,(anonymous_15)
FN:138,(anonymous_16)
FN:154,(anonymous_17)
FN:160,(anonymous_18)
FN:181,(anonymous_19)
FN:182,(anonymous_20)
FNF:21
FNH:17
FNDA:30,(anonymous_0)
FNDA:5,(anonymous_1)
FNDA:5,(anonymous_2)
FNDA:2,(anonymous_3)
FNDA:2,(anonymous_4)
FNDA:0,(anonymous_5)
FNDA:0,(anonymous_6)
FNDA:1,(anonymous_7)
FNDA:1,(anonymous_8)
FNDA:0,(anonymous_9)
FNDA:0,(anonymous_10)
FNDA:1,(anonymous_11)
FNDA:2,(anonymous_12)
FNDA:16,(anonymous_13)
FNDA:29,(anonymous_14)
FNDA:49,(anonymous_15)
FNDA:49,(anonymous_16)
FNDA:1,(anonymous_17)
FNDA:1,(anonymous_18)
FNDA:4,(anonymous_19)
FNDA:2,(anonymous_20)
DA:16,1
DA:17,30
DA:18,29
DA:19,29
DA:20,29
DA:21,29
DA:24,29
DA:25,5
DA:26,5
DA:27,5
DA:28,5
DA:30,0
DA:33,5
DA:37,29
DA:40,29
DA:41,2
DA:42,1
DA:43,1
DA:44,1
DA:48,1
DA:49,1
DA:51,0
DA:55,29
DA:56,0
DA:58,0
DA:59,0
DA:60,0
DA:61,0
DA:64,0
DA:68,0
DA:69,0
DA:71,0
DA:76,29
DA:77,1
DA:81,29
DA:82,1
DA:83,0
DA:84,0
DA:85,0
DA:89,0
DA:91,0
DA:96,29
DA:97,1
DA:98,1
DA:99,1
DA:100,2
DA:103,0
DA:107,29
DA:116,16
DA:127,29
DA:133,49
DA:139,49
DA:155,1
DA:160,1
DA:181,4
DA:183,2
LF:56
LH:39
BRDA:41,0,0,1
BRDA:41,0,1,1
BRDA:41,1,0,2
BRDA:41,1,1,2
BRDA:56,2,0,0
BRDA:56,2,1,0
BRDA:82,3,0,1
BRDA:82,3,1,0
BRDA:100,4,0,1
BRDA:100,4,1,1
BRDA:153,5,0,23
BRDA:153,5,1,26
BRDA:158,6,0,23
BRDA:158,6,1,26
BRDA:172,7,0,49
BRDA:172,7,1,49
BRDA:172,7,2,2
BRDA:188,8,0,2
BRDA:188,8,1,0
BRF:19
BRH:15
end_of_record
TN:
SF:src/plugins/status-manager/admin/src/pages/App.jsx
FN:7,(anonymous_0)
FNF:1
FNH:0
FNDA:0,(anonymous_0)
DA:7,0
DA:8,0
LF:2
LH:0
BRF:0
BRH:0
end_of_record
TN:
SF:src/plugins/status-manager/admin/src/pages/HomePage.jsx
FN:4,(anonymous_0)
FNF:1
FNH:0
FNDA:0,(anonymous_0)
DA:4,0
DA:6,0
LF:2
LH:0
BRF:0
BRH:0
end_of_record
TN:
SF:src/plugins/status-manager/server/src/bootstrap.js
FN:1,(anonymous_0)
FNF:1
FNH:0
FNDA:0,(anonymous_0)
DA:1,0
LF:1
LH:0
BRF:0
BRH:0
end_of_record
TN:
SF:src/plugins/status-manager/server/src/destroy.js
FN:1,(anonymous_0)
FNF:1
FNH:0
FNDA:0,(anonymous_0)
DA:1,0
LF:1
LH:0
BRF:0
BRH:0
end_of_record
TN:
SF:src/plugins/status-manager/server/src/register.js
FN:1,(anonymous_0)
FNF:1
FNH:1
FNDA:1,(anonymous_0)
DA:1,1
DA:2,1
LF:2
LH:2
BRF:0
BRH:0
end_of_record
TN:
SF:src/plugins/status-manager/server/src/content-types/status.js
FNF:0
FNH:0
DA:1,1
LF:1
LH:1
BRF:0
BRH:0
end_of_record
TN:
SF:src/plugins/status-manager/server/src/controllers/status.js
FN:1,(anonymous_0)
FN:2,(anonymous_1)
FN:13,(anonymous_2)
FN:27,(anonymous_3)
FN:56,(anonymous_4)
FN:66,(anonymous_5)
FN:76,(anonymous_6)
FN:89,(anonymous_7)
FNF:8
FNH:8
FNDA:1,(anonymous_0)
FNDA:1,(anonymous_1)
FNDA:2,(anonymous_2)
FNDA:2,(anonymous_3)
FNDA:2,(anonymous_4)
FNDA:2,(anonymous_5)
FNDA:1,(anonymous_6)
FNDA:2,(anonymous_7)
DA:1,1
DA:3,1
DA:4,1
DA:9,1
DA:11,0
DA:14,2
DA:15,2
DA:16,2
DA:18,2
DA:19,1
DA:22,1
DA:24,0
DA:28,2
DA:29,2
DA:32,2
DA:33,1
DA:37,1
DA:42,1
DA:45,1
DA:51,1
DA:53,0
DA:57,2
DA:58,2
DA:60,2
DA:61,1
DA:65,1
DA:67,2
DA:71,1
DA:73,0
DA:77,1
DA:78,1
DA:79,1
DA:80,1
DA:84,1
DA:86,0
DA:90,2
DA:91,2
DA:93,2
DA:94,1
DA:96,1
DA:98,1
DA:100,0
DA:105,1
LF:43
LH:37
BRDA:18,0,0,1
BRDA:18,0,1,1
BRDA:29,1,0,0
BRDA:32,2,0,1
BRDA:32,2,1,1
BRDA:42,3,0,1
BRDA:42,3,1,0
BRDA:60,4,0,1
BRDA:60,4,1,1
BRDA:93,5,0,1
BRDA:93,5,1,1
BRF:11
BRH:9
end_of_record
TN:
SF:src/plugins/status-manager/server/src/controllers/__tests__/status.test.js
FN:3,(anonymous_0)
FN:10,(anonymous_1)
FN:41,(anonymous_2)
FN:55,(anonymous_3)
FN:56,(anonymous_4)
FN:67,(anonymous_5)
FN:68,(anonymous_6)
FN:80,(anonymous_7)
FN:93,(anonymous_8)
FN:94,(anonymous_9)
FN:111,(anonymous_10)
FN:129,(anonymous_11)
FN:130,(anonymous_12)
FN:149,(anonymous_13)
FN:166,(anonymous_14)
FN:167,(anonymous_15)
FN:182,(anonymous_16)
FN:183,(anonymous_17)
FN:212,(anonymous_18)
FNF:19
FNH:0
FNDA:0,(anonymous_0)
FNDA:0,(anonymous_1)
FNDA:0,(anonymous_2)
FNDA:0,(anonymous_3)
FNDA:0,(anonymous_4)
FNDA:0,(anonymous_5)
FNDA:0,(anonymous_6)
FNDA:0,(anonymous_7)
FNDA:0,(anonymous_8)
FNDA:0,(anonymous_9)
FNDA:0,(anonymous_10)
FNDA:0,(anonymous_11)
FNDA:0,(anonymous_12)
FNDA:0,(anonymous_13)
FNDA:0,(anonymous_14)
FNDA:0,(anonymous_15)
FNDA:0,(anonymous_16)
FNDA:0,(anonymous_17)
FNDA:0,(anonymous_18)
DA:1,0
DA:3,0
DA:10,0
DA:11,0
DA:12,0
DA:15,0
DA:23,0
DA:32,0
DA:41,0
DA:43,0
DA:46,0
DA:49,0
DA:52,0
DA:55,0
DA:56,0
DA:57,0
DA:62,0
DA:63,0
DA:67,0
DA:68,0
DA:69,0
DA:76,0
DA:77,0
DA:80,0
DA:81,0
DA:88,0
DA:89,0
DA:93,0
DA:94,0
DA:95,0
DA:107,0
DA:108,0
DA:111,0
DA:112,0
DA:124,0
DA:125,0
DA:129,0
DA:130,0
DA:131,0
DA:145,0
DA:146,0
DA:149,0
DA:150,0
DA:161,0
DA:162,0
DA:166,0
DA:167,0
DA:168,0
DA:177,0
DA:178,0
DA:182,0
DA:183,0
DA:184,0
DA:196,0
DA:197,0
DA:198,0
DA:201,0
DA:205,0
DA:207,0
DA:208,0
DA:212,0
DA:213,0
DA:224,0
DA:225,0
LF:64
LH:0
BRF:0
BRH:0
end_of_record
TN:
SF:src/plugins/status-manager/server/src/routes/admin-api.js
FNF:0
FNH:0
DA:1,1
LF:1
LH:1
BRF:0
BRH:0
end_of_record
TN:
SF:src/plugins/status-manager/server/src/services/status.js
FN:1,(anonymous_0)
FN:2,(anonymous_1)
FN:8,(anonymous_2)
FN:17,(anonymous_3)
FN:34,(anonymous_4)
FN:55,(anonymous_5)
FNF:6
FNH:6
FNDA:1,(anonymous_0)
FNDA:1,(anonymous_1)
FNDA:1,(anonymous_2)
FNDA:1,(anonymous_3)
FNDA:1,(anonymous_4)
FNDA:299,(anonymous_5)
DA:1,1
DA:3,1
DA:9,1
DA:10,1
DA:11,1
DA:13,0
DA:14,0
DA:18,1
DA:19,1
DA:20,0
DA:22,1
DA:23,1
DA:26,1
DA:27,0
DA:29,1
DA:30,1
DA:34,1
DA:35,1
DA:40,1
DA:42,0
DA:46,1
DA:50,1
DA:54,1
DA:56,299
DA:60,1
DA:62,0
DA:63,0
LF:27
LH:20
BRDA:19,0,0,0
BRDA:19,0,1,1
BRDA:22,1,0,1
BRDA:22,1,1,0
BRDA:26,2,0,0
BRDA:26,2,1,1
BRF:6
BRH:3
end_of_record
TN:
SF:src/test/helpers/strapi.js
FN:5,createStrapiInstance
FNF:1
FNH:1
FNDA:1,createStrapiInstance
DA:1,1
DA:2,1
DA:3,1
DA:7,1
DA:8,1
DA:9,0
DA:13,1
DA:20,1
DA:23,1
DA:25,1
DA:28,1
LF:11
LH:10
BRDA:8,0,0,0
BRDA:8,0,1,1
BRF:2
BRH:1
end_of_record
